[2025-09-06T01:15:11.555Z] [CLシート 企業データ] 企業データ取得開始
{
  "date": "2025/07/18",
  "sheetId": "1FpP81uZz-_UyvtlwMKwgXPdEk5c3sP5ZyBvZMpyJTKY",
  "sheetType": "CL",
  "url": "https://docs.google.com/spreadsheets/d/1FpP81uZz-_UyvtlwMKwgXPdEk5c3sP5ZyBvZMpyJTKY/edit"
}
---
[2025-09-06T01:15:12.442Z] [CLシート 企業データ] スプレッドシート情報
{
  "sheetName": "250718_CL",
  "sheetId": "1FpP81uZz-_UyvtlwMKwgXPdEk5c3sP5ZyBvZMpyJTKY",
  "sheetsList": [
    {
      "index": 0,
      "title": "シート1",
      "gid": 0
    }
  ]
}
---
[2025-09-06T01:15:13.970Z] [CLシート 企業データ] D列会話データ取得
{
  "dataLength": 1272521,
  "first100Chars": "会話データ\n会議概要:\n\n会議タイトル: 【非定例】SP：株式会社GLAPentertainment様｜\n会議日時: 2025/07/18（金）11:00 - 12:00\n参加者: CLアシスタント,",
  "hasValidData": true
}
---
[2025-09-06T01:15:13.980Z] [CLシート 企業データ] 企業抽出結果
{
  "extractedCount": 80,
  "companies": [
    {
      "name": "株式会社GLAPentertainment",
      "confidence": 0.9
    },
    {
      "name": "リブザクリエイティブ株式会社",
      "confidence": 0.9
    },
    {
      "name": "Global Gateway株式会社",
      "confidence": 0.9
    },
    {
      "name": "株式会社カネショー",
      "confidence": 0.9
    },
    {
      "name": "株式会社エレベーターアセット",
      "confidence": 0.9
    },
    {
      "name": "C&Mロボティクス北海道株式会社",
      "confidence": 0.9
    },
    {
      "name": "株式会社Aプラス",
      "confidence": 0.9
    },
    {
      "name": "株式会社Schlem",
      "confidence": 0.9
    },
    {
      "name": "株式会社福田産業",
      "confidence": 0.9
    },
    {
      "name": "株式会社どにち",
      "confidence": 0.9
    },
    {
      "name": "株式会社UPSTART",
      "confidence": 0.9
    },
    {
      "name": "延原 正樹さま",
      "confidence": 0.9
    },
    {
      "name": "株式会社ナガセテクノス",
      "confidence": 0.9
    },
    {
      "name": "株式会社",
      "confidence": 0.8
    },
    {
      "name": "株式会社TKK",
      "confidence": 0.9
    },
    {
      "name": "株式会社ナリタック",
      "confidence": 0.9
    },
    {
      "name": "株式会社プッシュピン",
      "confidence": 0.9
    },
    {
      "name": "株式会社日展コーポレーション",
      "confidence": 0.9
    },
    {
      "name": "株式会社C's Link",
      "confidence": 0.9
    },
    {
      "name": "日本インターンシップ支援協会",
      "confidence": 0.9
    },
    {
      "name": "ミリオンテック合資会社",
      "confidence": 0.9
    },
    {
      "name": "ハウンドジャパン株式会社",
      "confidence": 0.9
    },
    {
      "name": "池端商事有限会社",
      "confidence": 0.9
    },
    {
      "name": "株式会社宇奥ジャパン",
      "confidence": 0.9
    },
    {
      "name": "三和工業株式会社",
      "confidence": 0.9
    },
    {
      "name": "株式会社東和キャスト安城",
      "confidence": 0.9
    },
    {
      "name": "株式会社モデトイ",
      "confidence": 0.9
    },
    {
      "name": "イデア株式会社",
      "confidence": 0.9
    },
    {
      "name": "Zenken株式会社",
      "confidence": 0.9
    },
    {
      "name": "ペットライフスタイル株式会社",
      "confidence": 0.9
    },
    {
      "name": "コムロック株式会社",
      "confidence": 0.9
    },
    {
      "name": "株式会社ワイキキ",
      "confidence": 0.9
    },
    {
      "name": "中城建設株式会社",
      "confidence": 0.9
    },
    {
      "name": "医療法人社団カムイ会",
      "confidence": 0.9
    },
    {
      "name": "MIP事業協同組合",
      "confidence": 0.9
    },
    {
      "name": "株式会社PERFECT HUMAN",
      "confidence": 0.9
    },
    {
      "name": "ジャパンエレベーターサービス東海株式会社",
      "confidence": 0.9
    },
    {
      "name": "株式会社ダッシュ",
      "confidence": 0.9
    },
    {
      "name": "株式会社剛建築",
      "confidence": 0.9
    },
    {
      "name": "株式会社Bridge",
      "confidence": 0.9
    },
    {
      "name": "株式会社さくら塗装",
      "confidence": 0.9
    },
    {
      "name": "株式会社ヘリオストーム",
      "confidence": 0.9
    },
    {
      "name": "株式会社一踏",
      "confidence": 0.9
    },
    {
      "name": "株式会社大井運送",
      "confidence": 0.9
    },
    {
      "name": "株式会社FEEEP",
      "confidence": 0.9
    },
    {
      "name": "協同組合西日本技能センター",
      "confidence": 0.9
    },
    {
      "name": "株式会社ファインド",
      "confidence": 0.9
    },
    {
      "name": "ミラレソ株式会社",
      "confidence": 0.9
    },
    {
      "name": "株式会社カマハラ鋳鋼所",
      "confidence": 0.9
    },
    {
      "name": "株式会社ワールドトレード",
      "confidence": 0.9
    },
    {
      "name": "株式会社グリッド",
      "confidence": 0.9
    },
    {
      "name": "株式会社セントラルテクノ",
      "confidence": 0.9
    },
    {
      "name": "JECインターナショナル株式会社",
      "confidence": 0.9
    },
    {
      "name": "株式会社スマイルタナカ",
      "confidence": 0.9
    },
    {
      "name": "株式会社ノヴァネスト",
      "confidence": 0.9
    },
    {
      "name": "日本山村硝子株式会社",
      "confidence": 0.9
    },
    {
      "name": "株式会社CUOREMO",
      "confidence": 0.9
    },
    {
      "name": "株式会社ビー・アイ・ピー・ジャパン",
      "confidence": 0.9
    },
    {
      "name": "株式会社ニッコー",
      "confidence": 0.9
    },
    {
      "name": "株式会社セイホーテック",
      "confidence": 0.9
    },
    {
      "name": "新納ビジネスマスターズ有限会社",
      "confidence": 0.9
    },
    {
      "name": "株式会社シンカハウス",
      "confidence": 0.9
    },
    {
      "name": "EthicalJapan株式会社",
      "confidence": 0.9
    },
    {
      "name": "株式会社セーフティーステップ",
      "confidence": 0.9
    },
    {
      "name": "株式会社京香桃",
      "confidence": 0.9
    },
    {
      "name": "株式会社T’ｓアソシエーション",
      "confidence": 0.9
    },
    {
      "name": "株式会社ミドルレンジ",
      "confidence": 0.9
    },
    {
      "name": "有限会社リフォームシン",
      "confidence": 0.9
    },
    {
      "name": "グローバルシステム有限会社",
      "confidence": 0.9
    },
    {
      "name": "株式会社ベーグル",
      "confidence": 0.9
    },
    {
      "name": "【非定例】ウィン・ビリーブ様｜",
      "confidence": 0.1
    },
    {
      "name": "株式会社Sight",
      "confidence": 0.9
    },
    {
      "name": "有限会社トラスト",
      "confidence": 0.9
    },
    {
      "name": "株式会社コウアイ",
      "confidence": 0.9
    },
    {
      "name": "株式会社みはらしデザイン",
      "confidence": 0.9
    },
    {
      "name": "株式会社株式会社カメラマン",
      "confidence": 0.9
    },
    {
      "name": "株式会社ホットスタッフグローバル",
      "confidence": 0.9
    },
    {
      "name": "株式会社港やまき",
      "confidence": 0.9
    },
    {
      "name": "ファランクス合同会社",
      "confidence": 0.9
    },
    {
      "name": "有限会社白馬亭",
      "confidence": 0.9
    }
  ]
}
---
