[2025-09-07T01:50:50.491Z] [CPシート 企業データ] 企業データ取得開始
{
  "date": "2025/07/18",
  "sheetId": "1GZ6hiPNEjkD4EkBES6QK0pKB04tZWj3ALVgTfMl1VDo",
  "url": "https://docs.google.com/spreadsheets/d/1GZ6hiPNEjkD4EkBES6QK0pKB04tZWj3ALVgTfMl1VDo/edit",
  "targetSheet": "シート1"
}
---
[2025-09-07T01:50:52.252Z] [CPシート 企業データ] 対象スプレッドシートのデータ取得
{
  "totalRows": 13,
  "maxColumns": 4
}
---
[2025-09-07T01:50:52.253Z] [CPシート 企業データ] 列Aのデータ処理
{
  "columnHeader": "社名",
  "dataLength": 105,
  "first100Chars": "株式会社ダンデライオン\n株式会社大真\n株式会社スマイルファクトリー\n株式会社インフォリンク\n富士インパルス販売株式会社\n有限会社Saika\n株式会社ホビーラホビーレ\n株式会社H.T.M\nアースアンドベ",
  "hasValidData": true
}
---
[2025-09-07T01:50:52.254Z] [CPシート 企業データ] 列Aの企業抽出結果
{
  "extractedCount": 0,
  "companies": []
}
---
[2025-09-07T01:50:52.255Z] [CPシート 企業データ] 列Bのデータ処理
{
  "columnHeader": "ユニット名",
  "dataLength": 26,
  "first100Chars": "CP\nCP\nCP\nCP\nCP\nCP\nCP\nCP\nCP",
  "hasValidData": true
}
---
[2025-09-07T01:50:52.255Z] [CPシート 企業データ] 列Bの企業抽出結果
{
  "extractedCount": 0,
  "companies": []
}
---
[2025-09-07T01:50:52.256Z] [CPシート 企業データ] 列Cのデータ処理
{
  "columnHeader": "担当名",
  "dataLength": 30,
  "first100Chars": "磯村\n石村\n與川\n後藤\n坂口\n後藤\n中内\n與川\n中内（保留）",
  "hasValidData": true
}
---
[2025-09-07T01:50:52.256Z] [CPシート 企業データ] 列Cの企業抽出結果
{
  "extractedCount": 0,
  "companies": []
}
---
[2025-09-07T01:50:52.258Z] [CPシート 企業データ] 列Dのデータ処理
{
  "columnHeader": "会話データ",
  "dataLength": 256668,
  "first100Chars": "会議概要:\n\n会議タイトル: 【定例】CP_株式会社RTS｜R\n会議日時: 2025/07/18（金）09:00 - 10:00\n参加者: CPアシスタント, ac sugiura, 髙橋拓人, 増田",
  "hasValidData": true
}
---
[2025-09-07T01:50:52.267Z] [CPシート 企業データ] 列Dの企業抽出結果
{
  "extractedCount": 10,
  "companies": [
    {
      "name": "株式会社",
      "confidence": 0.8
    },
    {
      "name": "株式会社ダンデライオン",
      "confidence": 0.9
    },
    {
      "name": "株式会社大真",
      "confidence": 0.9
    },
    {
      "name": "株式会社スマイルファクトリー",
      "confidence": 0.9
    },
    {
      "name": "株式会社インフォリンク",
      "confidence": 0.9
    },
    {
      "name": "富士インパルス販売株式会社",
      "confidence": 0.9
    },
    {
      "name": "有限会社Saika",
      "confidence": 0.9
    },
    {
      "name": "株式会社ホビーラホビーレ",
      "confidence": 0.9
    },
    {
      "name": "株式会社H.T.M",
      "confidence": 0.9
    },
    {
      "name": "アースアンドベジ株式会社",
      "confidence": 0.9
    }
  ]
}
---
[2025-09-07T01:50:52.298Z] [CPシート 企業データ] 企業データ取得完了
{
  "totalCompanies": 10,
  "targetSheetName": "シート1"
}
---
