[2025-09-07T01:50:39.302Z] [CPシート 日付データ] スプレッドシート内のシート一覧
{
  "sheets": [
    "CL",
    "CU",
    "CP",
    "取材"
  ]
}
---
[2025-09-07T01:50:39.303Z] [CPシート 日付データ] 日付取得開始
{
  "sheetId": "1pJQqCWrIBTp5JFxByoOOQt82qqQZ5AXz8cQgy1LHzZY",
  "url": "https://docs.google.com/spreadsheets/d/1pJQqCWrIBTp5JFxByoOOQt82qqQZ5AXz8cQgy1LHzZY/edit?pli=1&gid=1336297365#gid=1336297365"
}
---
[2025-09-07T01:50:39.770Z] [CPシート 日付データ] 日付データ: 2025/07/11
{
  "url": "https://docs.google.com/spreadsheets/d/1KgBKEME4tyhrtARdJwZjGhmtVuH1dNDsguT2QSV291k/edit"
}
---
[2025-09-07T01:50:39.770Z] [CPシート 日付データ] 日付データ: 2025/06/01
{
  "url": "https://docs.google.com/spreadsheets/d/1pXuF-aquLgyc2A6QDJzfirjvvdz0qX5eAcMFl9YTeSo/edit"
}
---
[2025-09-07T01:50:39.771Z] [CPシート 日付データ] 日付データ: 2025/06/02
{
  "url": "https://docs.google.com/spreadsheets/d/1IfyL4vbAk0OPR9bW2QX5QNjDEjJnVBAEiF3gMtTfq0A/edit"
}
---
[2025-09-07T01:50:39.771Z] [CPシート 日付データ] 日付データ: 2025/06/03
{
  "url": "https://docs.google.com/spreadsheets/d/1VSJkBiMevfSSRAHTEJueWwp3Ww4IxQ8nwy5qPMLGz9o/edit"
}
---
[2025-09-07T01:50:39.771Z] [CPシート 日付データ] 日付データ: 2025/06/04
{
  "url": "https://docs.google.com/spreadsheets/d/1UR4gTF72xMVFlDjvYV3pVitmDzWGY0KOrzSFC77dtlo/edit"
}
---
[2025-09-07T01:50:39.771Z] [CPシート 日付データ] 日付データ: 2025/06/05
{
  "url": "https://docs.google.com/spreadsheets/d/1BP6WbcICh-YDdmAvF4im2oiQLbFggA9-CGSg7Y5E2AU/edit"
}
---
[2025-09-07T01:50:39.771Z] [CPシート 日付データ] 日付データ: 2025/06/06
{
  "url": "https://docs.google.com/spreadsheets/d/1lgQW_r3-ggu1o12JVl369L4k9QtqpyqysXduI3_a7ts/edit"
}
---
[2025-09-07T01:50:39.772Z] [CPシート 日付データ] 日付データ: 2025/06/07
{
  "url": "https://docs.google.com/spreadsheets/d/1WKrgiEMtnaYCFPbtaI32sc-3-3K2buldOz4Sda-Pdt4/edit"
}
---
[2025-09-07T01:50:39.772Z] [CPシート 日付データ] 日付データ: 2025/06/08
{
  "url": "https://docs.google.com/spreadsheets/d/1Ok1Ng01KrMnV5E4SsrJrkJCe-wcju6womQCVwKZxMr0/edit"
}
---
[2025-09-07T01:50:39.772Z] [CPシート 日付データ] 日付データ: 2025/06/09
{
  "url": "https://docs.google.com/spreadsheets/d/11pGR5G_Nuo_WZR58TEuUam3ADEKR5WkwL0Vj03_PVVI/edit"
}
---
[2025-09-07T01:50:39.772Z] [CPシート 日付データ] 日付データ: 2025/06/10
{
  "url": "https://docs.google.com/spreadsheets/d/1R6evopww_9hgsPUU5EJSDq9USeIWhKAWJuFs2iFTQTo/edit"
}
---
[2025-09-07T01:50:39.772Z] [CPシート 日付データ] 日付データ: 2025/06/11
{
  "url": "https://docs.google.com/spreadsheets/d/1hx_IFxPzjNiAWUU2J80OZJhCTDNI0-p78CVuxYFG3R0/edit"
}
---
[2025-09-07T01:50:39.773Z] [CPシート 日付データ] 日付データ: 2025/06/12
{
  "url": "https://docs.google.com/spreadsheets/d/1FL_OPQVt7osb_i0P2F8x-5dw6ZIcwsNwMXBOY46Glag/edit"
}
---
[2025-09-07T01:50:39.773Z] [CPシート 日付データ] 日付データ: 2025/06/13
{
  "url": "https://docs.google.com/spreadsheets/d/10WjybULYzVK7MVsKpRYqFyBoKUwosB4ncMHVnzv0mpo/edit"
}
---
[2025-09-07T01:50:39.773Z] [CPシート 日付データ] 日付データ: 2025/06/14
{
  "url": "https://docs.google.com/spreadsheets/d/196ZQbxHLCbAiOaN7yE7fYEZzy3xCnc9tv2yKmJpvW24/edit"
}
---
[2025-09-07T01:50:39.773Z] [CPシート 日付データ] 日付データ: 2025/06/15
{
  "url": "https://docs.google.com/spreadsheets/d/11fwNY9A_QeKNTRImpBnS0Jw_7DZrhVpzRb8AZ95J960/edit"
}
---
[2025-09-07T01:50:39.773Z] [CPシート 日付データ] 日付データ: 2025/06/16
{
  "url": "https://docs.google.com/spreadsheets/d/1CLQNVrR7HGcGf_1OyXoiOzhomL0kDK9OAmrCw4o0UMo/edit"
}
---
[2025-09-07T01:50:39.773Z] [CPシート 日付データ] 日付データ: 2025/06/17
{
  "url": "https://docs.google.com/spreadsheets/d/1lDwAIYTLVdrD_WVdd5jriJr8OoEVay_-ACXN1o95B_I/edit"
}
---
[2025-09-07T01:50:39.773Z] [CPシート 日付データ] 日付データ: 2025/06/18
{
  "url": "https://docs.google.com/spreadsheets/d/18cqJxdxUESDLsjTCr9K7KQ8FOQTWxJAuT51hU0X1SOM/edit"
}
---
[2025-09-07T01:50:39.773Z] [CPシート 日付データ] 日付データ: 2025/06/19
{
  "url": "https://docs.google.com/spreadsheets/d/1jAXYgy3pgY4OClgaqD9jCJeSvczw4-mBO8ZrYxlaFbk/edit"
}
---
[2025-09-07T01:50:39.774Z] [CPシート 日付データ] 日付データ: 2025/06/20
{
  "url": "https://docs.google.com/spreadsheets/d/1fiq4QxRk8mBdoO3fGh1eT1tNB5zLYRcDwj-n5lW-MEk/edit"
}
---
[2025-09-07T01:50:39.774Z] [CPシート 日付データ] 日付データ: 2025/06/21
{
  "url": "https://docs.google.com/spreadsheets/d/1VzLAAv-gW0UoZME9nffMPe_WW6MpmnY5JuR2c7N06kE/edit"
}
---
[2025-09-07T01:50:39.774Z] [CPシート 日付データ] 日付データ: 2025/06/22
{
  "url": "https://docs.google.com/spreadsheets/d/1Pc4QX9jVcwHdVmPs27eccSX8ee3s3JO7kQfCTkO3xJA/edit"
}
---
[2025-09-07T01:50:39.774Z] [CPシート 日付データ] 日付データ: 2025/06/23
{
  "url": "https://docs.google.com/spreadsheets/d/1EmtlziWN77pqAe6qyp1b8Qqdi5m3Fw3blcjxh7KCklk/edit"
}
---
[2025-09-07T01:50:39.774Z] [CPシート 日付データ] 日付データ: 2025/06/24
{
  "url": "https://docs.google.com/spreadsheets/d/1LWcUdXTVLLagvbmgoAlMe28nKBd6rKMWvElX-WobyHk/edit"
}
---
[2025-09-07T01:50:39.774Z] [CPシート 日付データ] 日付データ: 2025/06/25
{
  "url": "https://docs.google.com/spreadsheets/d/1KI0uTCprNDCqzkEFI5Yhi9cu_NUCf3jv2Ro8v6PS5Ps/edit"
}
---
[2025-09-07T01:50:39.774Z] [CPシート 日付データ] 日付データ: 2025/06/26
{
  "url": "https://docs.google.com/spreadsheets/d/1TPC-k2KOTfFSio5fC9-ucG6qMdBdARbeHxeP4j7SRv4/edit"
}
---
[2025-09-07T01:50:39.775Z] [CPシート 日付データ] 日付データ: 2025/06/27
{
  "url": "https://docs.google.com/spreadsheets/d/1I6Y47UteArg-qXh-CW41KsBsirjwsodXa3pByHFucoU/edit"
}
---
[2025-09-07T01:50:39.775Z] [CPシート 日付データ] 日付データ: 2025/06/28
{
  "url": "https://docs.google.com/spreadsheets/d/1fkmSZemVDQ8I3_jgJunqL1V2rbDrN8VzFITBAIrOPWo/edit"
}
---
[2025-09-07T01:50:39.775Z] [CPシート 日付データ] 日付データ: 2025/06/29
{
  "url": "https://docs.google.com/spreadsheets/d/1pzTMkM-QSzGoSurwal1ifZDK0a2qm6gidvFPM_hJkrw/edit"
}
---
[2025-09-07T01:50:39.775Z] [CPシート 日付データ] 日付データ: 2025/06/30
{
  "url": "https://docs.google.com/spreadsheets/d/1XJMsJnhuua2KtHsr9o8f0zMc-1LHzWg8jud92CnpBNY/edit"
}
---
[2025-09-07T01:50:39.775Z] [CPシート 日付データ] 日付データ: 2025/07/01
{
  "url": "https://docs.google.com/spreadsheets/d/10AfKwsV6qNcQCba-jca6rNpiUFRpkn5u3GFMEg8Wovk/edit"
}
---
[2025-09-07T01:50:39.775Z] [CPシート 日付データ] 日付データ: 2025/07/02
{
  "url": "https://docs.google.com/spreadsheets/d/1irRIJcjC2hc9VjJZTMgkm87MO6bAsz3-nSavCpkgIVg/edit"
}
---
[2025-09-07T01:50:39.775Z] [CPシート 日付データ] 日付データ: 2025/07/03
{
  "url": "https://docs.google.com/spreadsheets/d/1ZxCxlGgcrDYg0g1GmfJ3QWOMzTwTMmZrzHrmNW4wTsA/edit"
}
---
[2025-09-07T01:50:39.776Z] [CPシート 日付データ] 日付データ: 2025/07/04
{
  "url": "https://docs.google.com/spreadsheets/d/15TI0bqhWCn-fUxEMiW1xjCtdS1scNT3QpI3i_Oc2VGI/edit"
}
---
[2025-09-07T01:50:39.776Z] [CPシート 日付データ] 日付データ: 2025/07/05
{
  "url": "https://docs.google.com/spreadsheets/d/1Pu-t-TwMm-ytL-mZRglfEIT09ycrlpLJW8V_GW7eiQc/edit"
}
---
[2025-09-07T01:50:39.776Z] [CPシート 日付データ] 日付データ: 2025/07/06
{
  "url": "https://docs.google.com/spreadsheets/d/17_Ob4wODHyxIswmPwjAYqvXz8uJStaS1O6ybgA7Mpac/edit"
}
---
[2025-09-07T01:50:39.776Z] [CPシート 日付データ] 日付データ: 2025/07/07
{
  "url": "https://docs.google.com/spreadsheets/d/1k7MSEpDFAwS7L5r8OETCzL6bwyZxqngmzenvJdA88fQ/edit"
}
---
[2025-09-07T01:50:39.776Z] [CPシート 日付データ] 日付データ: 2025/07/08
{
  "url": "https://docs.google.com/spreadsheets/d/1AkdaOHJhPRz5v2Zr_uAb7FbdL_F2XzS0Wog4wMO-6bM/edit"
}
---
[2025-09-07T01:50:39.776Z] [CPシート 日付データ] 日付データ: 2025/07/09
{
  "url": "https://docs.google.com/spreadsheets/d/1Cl-FcgbLXNiHSCQpTNJqHOezQYJOsKQPF4gN9vSzEzY/edit"
}
---
[2025-09-07T01:50:39.776Z] [CPシート 日付データ] 日付データ: 2025/07/10
{
  "url": "https://docs.google.com/spreadsheets/d/1hvhDPU7DQhEWnj2XycL2RDljZy5bjWDuVD2OJzdZXKg/edit"
}
---
[2025-09-07T01:50:39.777Z] [CPシート 日付データ] 日付データ: 2025/07/12
{
  "url": "https://docs.google.com/spreadsheets/d/1F_NqpDiqlGWkmT-FAACRvYFi9fqWUE3oKyP_ZdoH3gc/edit"
}
---
[2025-09-07T01:50:39.777Z] [CPシート 日付データ] 日付データ: 2025/07/13
{
  "url": "https://docs.google.com/spreadsheets/d/16UiJFEEjItuv34I77rcDVBq-SUoGnjmOCaj9CbhNfXo/edit"
}
---
[2025-09-07T01:50:39.777Z] [CPシート 日付データ] 日付データ: 2025/07/14
{
  "url": "https://docs.google.com/spreadsheets/d/1ka-jpq8G29QXjiD1FVutqgAMnmj-b3mAgLkU4MjcgkM/edit"
}
---
[2025-09-07T01:50:39.777Z] [CPシート 日付データ] 日付データ: 2025/07/15
{
  "url": "https://docs.google.com/spreadsheets/d/1_aXLDOK9gt-rN1b-IDWMkyU5z_YMN94ne3pMXyvVS9Q/edit"
}
---
[2025-09-07T01:50:39.777Z] [CPシート 日付データ] 日付データ: 2025/07/16
{
  "url": "https://docs.google.com/spreadsheets/d/1Jp_Q-NM52CsHj31NBFaqAvkwYw5MIe-q7DrzQlUI3nY/edit"
}
---
[2025-09-07T01:50:39.777Z] [CPシート 日付データ] 日付データ: 2025/07/17
{
  "url": "https://docs.google.com/spreadsheets/d/1yoZQZBclEJ9CWgJ0NwK1_NAN8H2KW3OEBBx9e_nHpxI/edit"
}
---
[2025-09-07T01:50:39.778Z] [CPシート 日付データ] 日付データ: 2025/07/18
{
  "url": "https://docs.google.com/spreadsheets/d/1GZ6hiPNEjkD4EkBES6QK0pKB04tZWj3ALVgTfMl1VDo/edit"
}
---
[2025-09-07T01:50:39.778Z] [CPシート 日付データ] 日付データ: 2025/07/19
{
  "url": "https://docs.google.com/spreadsheets/d/1ro_MUuwSEt_n9o81N0jJOnZ9AVxh5AyFDxYNQp6pTGg/edit"
}
---
[2025-09-07T01:50:39.778Z] [CPシート 日付データ] 日付データ: 2025/07/20
{
  "url": "https://docs.google.com/spreadsheets/d/1tK2qpcURFlvO56Sjugn_J06j4o778z74RcoeQzDjjy0/edit"
}
---
[2025-09-07T01:50:39.778Z] [CPシート 日付データ] 日付データ: 2025/07/21
{
  "url": "https://docs.google.com/spreadsheets/d/1k03NEK5zv9NBBEsNoFxZ5_JtNgmhCd3siKF4I7YC9q0/edit"
}
---
[2025-09-07T01:50:39.778Z] [CPシート 日付データ] 日付データ: 2025/07/22
{
  "url": "https://docs.google.com/spreadsheets/d/1nKdgCl-nKm1hA2bkcMpjVUr7vJR4uikVc5F-kdLGEvU/edit"
}
---
[2025-09-07T01:50:39.778Z] [CPシート 日付データ] 日付データ: 2025/07/23
{
  "url": "https://docs.google.com/spreadsheets/d/1Jcn4ufGMy-RH1ZF1MFtpKjy0UdDatX7bdSA0GQ_Slhs/edit"
}
---
[2025-09-07T01:50:39.778Z] [CPシート 日付データ] 日付データ: 2025/07/24
{
  "url": "https://docs.google.com/spreadsheets/d/1UeFFBUOlwbs-9F9IQ8NLIwTd1eWLEmWCG_ZiJtVWJWY/edit"
}
---
[2025-09-07T01:50:39.779Z] [CPシート 日付データ] 日付データ: 2025/07/25
{
  "url": "https://docs.google.com/spreadsheets/d/1AMI7bCCyhbwMwiniFqxdDXc5zQtDgSZnUpg2vPTKu6c/edit"
}
---
[2025-09-07T01:50:39.779Z] [CPシート 日付データ] 日付データ: 2025/07/26
{
  "url": "https://docs.google.com/spreadsheets/d/1pKQZFV7wiMKnFlAE4jjQaVAvL001Hn9lDo3qQHFUR6o/edit"
}
---
[2025-09-07T01:50:39.779Z] [CPシート 日付データ] 日付データ: 2025/07/27
{
  "url": "https://docs.google.com/spreadsheets/d/1lHRaukkIW2h-SbCWMo50KmT4bE6voHyWXBm6SOYadSY/edit"
}
---
[2025-09-07T01:50:39.780Z] [CPシート 日付データ] 日付データ: 2025/07/28
{
  "url": "https://docs.google.com/spreadsheets/d/1iCwWhC2W7hmfMFfwWcXGUCYTFk59yo7GVFv_yorEVvo/edit"
}
---
[2025-09-07T01:50:39.781Z] [CPシート 日付データ] 日付データ: 2025/07/29
{
  "url": "https://docs.google.com/spreadsheets/d/1xiIwf4o9IwUxeT0NbYGN6LlT_RW6w3GsX-gCTF7j-Xc/edit"
}
---
[2025-09-07T01:50:39.781Z] [CPシート 日付データ] 日付データ: 2025/07/30
{
  "url": "https://docs.google.com/spreadsheets/d/15c4kMqijLfGG_A8lju_fYpGBCamDBPl5kBhIP-S2w_Y/edit"
}
---
[2025-09-07T01:50:39.782Z] [CPシート 日付データ] 日付データ: 2025/07/31
{
  "url": "https://docs.google.com/spreadsheets/d/1ydGz8ycMBUwJWCPMW-KY_NdgdgczAfkTgeSocPVsvoo/edit"
}
---
[2025-09-07T01:50:39.782Z] [CPシート 日付データ] 日付データ: 2025/08/01
{
  "url": "https://docs.google.com/spreadsheets/d/1IMDGq7Wj45_q4FqniActZR3KWbZeWgVcja7bRRzn8N4/edit"
}
---
[2025-09-07T01:50:39.782Z] [CPシート 日付データ] 日付データ: 2025/08/02
{
  "url": "https://docs.google.com/spreadsheets/d/1BwVfuG3bxgcAzZYu6ni77CUlgXCdNtT3aBtQWnTo6N0/edit"
}
---
[2025-09-07T01:50:39.783Z] [CPシート 日付データ] 日付データ: 2025/08/03
{
  "url": "https://docs.google.com/spreadsheets/d/1cYBZhbkGBgO7Ca6Qsk_iHnYMcPmprd1MwS5Pj7999HE/edit"
}
---
[2025-09-07T01:50:39.783Z] [CPシート 日付データ] 日付データ: 2025/08/04
{
  "url": "https://docs.google.com/spreadsheets/d/1PMoxsTJC7nLYGW4tdtSDvNrRIOT8csXHGiSO_zgXRVI/edit"
}
---
[2025-09-07T01:50:39.783Z] [CPシート 日付データ] 日付データ: 2025/08/05
{
  "url": "https://docs.google.com/spreadsheets/d/1XfYBuH3mrCwW7WlbgsjJhj_LH7lQfJYfo1Tb2xRDYlY/edit"
}
---
[2025-09-07T01:50:39.783Z] [CPシート 日付データ] 日付データ: 2025/08/06
{
  "url": "https://docs.google.com/spreadsheets/d/1juqSSSsQCU1e6PiXvxDORSoOFz-jemR7ZY3ZTeG7vYs/edit"
}
---
[2025-09-07T01:50:39.783Z] [CPシート 日付データ] 日付データ: 2025/08/07
{
  "url": "https://docs.google.com/spreadsheets/d/1afag_raeRdhXvl7ckYf24N0xaOX7Pqswl1PmrErjb8s/edit"
}
---
[2025-09-07T01:50:39.783Z] [CPシート 日付データ] 日付データ: 2025/08/08
{
  "url": "https://docs.google.com/spreadsheets/d/139R-4YQjXV9_tC9tq3LljhfUh73rryaO_HNQM6Ty1nE/edit"
}
---
[2025-09-07T01:50:39.784Z] [CPシート 日付データ] 日付データ: 2025/08/09
{
  "url": "https://docs.google.com/spreadsheets/d/1BGwyHK5dM1PrAfF0gweZnpIlBnWvlFVUmT0PBecYl-M/edit"
}
---
[2025-09-07T01:50:39.784Z] [CPシート 日付データ] 日付データ: 2025/08/10
{
  "url": "https://docs.google.com/spreadsheets/d/1ICpDuH9JrG8-t3ouVaEjmj79anBR0Rcfx7yutGmlRWs/edit"
}
---
[2025-09-07T01:50:39.784Z] [CPシート 日付データ] 日付データ: 2025/08/11
{
  "url": "https://docs.google.com/spreadsheets/d/12Hg08sDYaaYqnOw7hC5Kx2KK99Y4TjvfGst54q9PGGE/edit"
}
---
[2025-09-07T01:50:39.784Z] [CPシート 日付データ] 日付データ: 2025/08/12
{
  "url": "https://docs.google.com/spreadsheets/d/1mapKE7qmtCJxgxsrRXSenNmbWCMC8jwZYGoYWEwnyps/edit"
}
---
[2025-09-07T01:50:39.784Z] [CPシート 日付データ] 日付データ: 2025/08/13
{
  "url": "https://docs.google.com/spreadsheets/d/1VP_SNAtzw7LXjBHtoX9QopiGQ5IwnJQ5r8bA65JIXo8/edit"
}
---
[2025-09-07T01:50:39.784Z] [CPシート 日付データ] 日付データ: 2025/08/14
{
  "url": "https://docs.google.com/spreadsheets/d/1f0h5UD5xIkD9sOdUrzv072ODhQqjG2-6pTguoDX5Oto/edit"
}
---
[2025-09-07T01:50:39.784Z] [CPシート 日付データ] 日付データ: 2025/08/15
{
  "url": "https://docs.google.com/spreadsheets/d/1kJwe2CxTUIq3-SCQxgzbLPtz5ACwsLhMWik2Qw_4KEY/edit"
}
---
[2025-09-07T01:50:39.784Z] [CPシート 日付データ] 日付データ: 2025/08/16
{
  "url": "https://docs.google.com/spreadsheets/d/1K27A693pFAlDMx69SLrkrebVwu5PJpkuv6qRTIpuFPg/edit"
}
---
[2025-09-07T01:50:39.785Z] [CPシート 日付データ] 日付データ: 2025/08/17
{
  "url": "https://docs.google.com/spreadsheets/d/1brWew4S0-66LooCfyyDbOpzSgvGl1g_XqPPCmPIM6Zs/edit"
}
---
[2025-09-07T01:50:39.785Z] [CPシート 日付データ] 日付データ: 2025/08/18
{
  "url": "https://docs.google.com/spreadsheets/d/1WwXwbbD3Wk1tHgOMEPVEL0y67dU2zHUD5QAiigudZls/edit"
}
---
[2025-09-07T01:50:39.785Z] [CPシート 日付データ] 日付データ: 2025/08/19
{
  "url": "https://docs.google.com/spreadsheets/d/1hDpg309KXzlI1Yx5JYWS1-7-dV1NgX4oh8Q4BYdRAeI/edit"
}
---
[2025-09-07T01:50:39.786Z] [CPシート 日付データ] 日付データ: 2025/08/20
{
  "url": "https://docs.google.com/spreadsheets/d/1rr6xUJ32JX0hL1kB2TeG8eeVFajYj6Z9-gM0xWbkZZs/edit"
}
---
[2025-09-07T01:50:39.786Z] [CPシート 日付データ] 日付データ: 2025/08/21
{
  "url": "https://docs.google.com/spreadsheets/d/1AHviXMGI_4LDanJnjO3DRCM8tEkIrbh7ZzSIGaTE66M/edit"
}
---
[2025-09-07T01:50:39.787Z] [CPシート 日付データ] 日付データ: 2025/08/22
{
  "url": "https://docs.google.com/spreadsheets/d/14_igysR5rjZ0mylBtdpkOdH7uDyg76_1VwlLB1IYniA/edit"
}
---
[2025-09-07T01:50:39.787Z] [CPシート 日付データ] 日付データ: 2025/08/23
{
  "url": "https://docs.google.com/spreadsheets/d/1nZ3ZzLQl5TjaZbl-JYwWt0zwsSGEy0Ar7rYj4Cs960I/edit"
}
---
[2025-09-07T01:50:39.787Z] [CPシート 日付データ] 日付データ: 2025/08/24
{
  "url": "https://docs.google.com/spreadsheets/d/17ipSmNcAAs-3tF9zc-7oW5UTwqdDuXrrvpeDSoMScEo/edit"
}
---
[2025-09-07T01:50:39.787Z] [CPシート 日付データ] 日付データ: 2025/08/25
{
  "url": "https://docs.google.com/spreadsheets/d/1ARM00qDThzMPul7lCk4VhIC2AqCnuSHR7M30BX1Apn4/edit"
}
---
[2025-09-07T01:50:39.787Z] [CPシート 日付データ] 日付データ: 2025/08/26
{
  "url": "https://docs.google.com/spreadsheets/d/1FaUbAo7X9DRA5pijjW9R-4QqOEeKvf-sX0X7WyJfxw4/edit"
}
---
[2025-09-07T01:50:39.787Z] [CPシート 日付データ] 日付データ: 2025/08/27
{
  "url": "https://docs.google.com/spreadsheets/d/1x7A9KujC5e61tFiWU8NALSlkVkVNNfK4G5moqEI5BAg/edit"
}
---
[2025-09-07T01:50:39.788Z] [CPシート 日付データ] 日付データ: 2025/08/28
{
  "url": "https://docs.google.com/spreadsheets/d/1AUOSawn_-Iyt9KA8K12fyVHWQY-Sxu3FVPOwRrmgHx0/edit"
}
---
[2025-09-07T01:50:39.788Z] [CPシート 日付データ] 日付データ: 2025/08/29
{
  "url": "https://docs.google.com/spreadsheets/d/1PnA_y18kBYDAso4NpFcE42uGkmBcSP4z6jMAZFYDlc4/edit"
}
---
[2025-09-07T01:50:39.788Z] [CPシート 日付データ] 日付データ: 2025/08/30
{
  "url": "https://docs.google.com/spreadsheets/d/1v8Lbi9HxTpKSYrUb23_jnUgHRpc73_aCKq-Da6U64Us/edit"
}
---
[2025-09-07T01:50:39.788Z] [CPシート 日付データ] 日付データ: 2025/08/31
{
  "url": "https://docs.google.com/spreadsheets/d/1qrxs7K95aW0Vuyxawjtb9FuWTPUQpLD2o36ZtBANieI/edit"
}
---
[2025-09-07T01:50:39.788Z] [CPシート 日付データ] 日付データ: 2025/09/01
{
  "url": "https://docs.google.com/spreadsheets/d/1al1ydNPxlJ56azsS7ORLHfAxHPuGM2mHL61AmgpuZAE/edit"
}
---
[2025-09-07T01:50:39.788Z] [CPシート 日付データ] 日付データ: 2025/09/02
{
  "url": "https://docs.google.com/spreadsheets/d/1foJK_Xdzkq1iNlJkqGcO_hTzaKYxV7NuRIG9txDkT-U/edit"
}
---
[2025-09-07T01:50:39.788Z] [CPシート 日付データ] 日付データ: 2025/09/03
{
  "url": "https://docs.google.com/spreadsheets/d/1GR-ZjZA7smcXo8_v238UuOR7YjkwRVuWbJW_SPBuapg/edit"
}
---
[2025-09-07T01:50:39.788Z] [CPシート 日付データ] 日付データ: 2025/09/04
{
  "url": "https://docs.google.com/spreadsheets/d/1VhchStzjXfaWzi7WKt0mGCeD-Iqg1MlqwEnvQKOqdvg/edit"
}
---
[2025-09-07T01:50:39.788Z] [CPシート 日付データ] 日付データ: 2025/09/05
{
  "url": "https://docs.google.com/spreadsheets/d/1GDX3YmInnWJxSRo0tZHWwzpxKNkSm5QUiXBlsMUfocQ/edit"
}
---
[2025-09-07T01:50:39.788Z] [CPシート 日付データ] 日付データ: 2025/09/06
{
  "url": "https://docs.google.com/spreadsheets/d/1_q9ob_PyXhOhLa6o-M-zhxuVCE6DdTCdTcSXgAmtfDQ/edit"
}
---
[2025-09-07T01:50:39.789Z] [CPシート 日付データ] 日付データ: 2025/09/07
{
  "url": "https://docs.google.com/spreadsheets/d/1JaQjS68NiGDfoUzZYGSlv9jLbMGfkRBkXB1LYrgIo8A/edit"
}
---
[2025-09-07T01:50:39.791Z] [CPシート 日付データ] 日付取得完了
{
  "validDatesCount": 99,
  "validDates": [
    {
      "date": "2025/09/07",
      "url": "https://docs.google.com/spreadsheets/d/1JaQjS68NiGDfoUzZYGSlv9jLbMGfkRBkXB1LYrgIo8A/edit"
    },
    {
      "date": "2025/09/06",
      "url": "https://docs.google.com/spreadsheets/d/1_q9ob_PyXhOhLa6o-M-zhxuVCE6DdTCdTcSXgAmtfDQ/edit"
    },
    {
      "date": "2025/09/05",
      "url": "https://docs.google.com/spreadsheets/d/1GDX3YmInnWJxSRo0tZHWwzpxKNkSm5QUiXBlsMUfocQ/edit"
    },
    {
      "date": "2025/09/04",
      "url": "https://docs.google.com/spreadsheets/d/1VhchStzjXfaWzi7WKt0mGCeD-Iqg1MlqwEnvQKOqdvg/edit"
    },
    {
      "date": "2025/09/03",
      "url": "https://docs.google.com/spreadsheets/d/1GR-ZjZA7smcXo8_v238UuOR7YjkwRVuWbJW_SPBuapg/edit"
    },
    {
      "date": "2025/09/02",
      "url": "https://docs.google.com/spreadsheets/d/1foJK_Xdzkq1iNlJkqGcO_hTzaKYxV7NuRIG9txDkT-U/edit"
    },
    {
      "date": "2025/09/01",
      "url": "https://docs.google.com/spreadsheets/d/1al1ydNPxlJ56azsS7ORLHfAxHPuGM2mHL61AmgpuZAE/edit"
    },
    {
      "date": "2025/08/31",
      "url": "https://docs.google.com/spreadsheets/d/1qrxs7K95aW0Vuyxawjtb9FuWTPUQpLD2o36ZtBANieI/edit"
    },
    {
      "date": "2025/08/30",
      "url": "https://docs.google.com/spreadsheets/d/1v8Lbi9HxTpKSYrUb23_jnUgHRpc73_aCKq-Da6U64Us/edit"
    },
    {
      "date": "2025/08/29",
      "url": "https://docs.google.com/spreadsheets/d/1PnA_y18kBYDAso4NpFcE42uGkmBcSP4z6jMAZFYDlc4/edit"
    },
    {
      "date": "2025/08/28",
      "url": "https://docs.google.com/spreadsheets/d/1AUOSawn_-Iyt9KA8K12fyVHWQY-Sxu3FVPOwRrmgHx0/edit"
    },
    {
      "date": "2025/08/27",
      "url": "https://docs.google.com/spreadsheets/d/1x7A9KujC5e61tFiWU8NALSlkVkVNNfK4G5moqEI5BAg/edit"
    },
    {
      "date": "2025/08/26",
      "url": "https://docs.google.com/spreadsheets/d/1FaUbAo7X9DRA5pijjW9R-4QqOEeKvf-sX0X7WyJfxw4/edit"
    },
    {
      "date": "2025/08/25",
      "url": "https://docs.google.com/spreadsheets/d/1ARM00qDThzMPul7lCk4VhIC2AqCnuSHR7M30BX1Apn4/edit"
    },
    {
      "date": "2025/08/24",
      "url": "https://docs.google.com/spreadsheets/d/17ipSmNcAAs-3tF9zc-7oW5UTwqdDuXrrvpeDSoMScEo/edit"
    },
    {
      "date": "2025/08/23",
      "url": "https://docs.google.com/spreadsheets/d/1nZ3ZzLQl5TjaZbl-JYwWt0zwsSGEy0Ar7rYj4Cs960I/edit"
    },
    {
      "date": "2025/08/22",
      "url": "https://docs.google.com/spreadsheets/d/14_igysR5rjZ0mylBtdpkOdH7uDyg76_1VwlLB1IYniA/edit"
    },
    {
      "date": "2025/08/21",
      "url": "https://docs.google.com/spreadsheets/d/1AHviXMGI_4LDanJnjO3DRCM8tEkIrbh7ZzSIGaTE66M/edit"
    },
    {
      "date": "2025/08/20",
      "url": "https://docs.google.com/spreadsheets/d/1rr6xUJ32JX0hL1kB2TeG8eeVFajYj6Z9-gM0xWbkZZs/edit"
    },
    {
      "date": "2025/08/19",
      "url": "https://docs.google.com/spreadsheets/d/1hDpg309KXzlI1Yx5JYWS1-7-dV1NgX4oh8Q4BYdRAeI/edit"
    },
    {
      "date": "2025/08/18",
      "url": "https://docs.google.com/spreadsheets/d/1WwXwbbD3Wk1tHgOMEPVEL0y67dU2zHUD5QAiigudZls/edit"
    },
    {
      "date": "2025/08/17",
      "url": "https://docs.google.com/spreadsheets/d/1brWew4S0-66LooCfyyDbOpzSgvGl1g_XqPPCmPIM6Zs/edit"
    },
    {
      "date": "2025/08/16",
      "url": "https://docs.google.com/spreadsheets/d/1K27A693pFAlDMx69SLrkrebVwu5PJpkuv6qRTIpuFPg/edit"
    },
    {
      "date": "2025/08/15",
      "url": "https://docs.google.com/spreadsheets/d/1kJwe2CxTUIq3-SCQxgzbLPtz5ACwsLhMWik2Qw_4KEY/edit"
    },
    {
      "date": "2025/08/14",
      "url": "https://docs.google.com/spreadsheets/d/1f0h5UD5xIkD9sOdUrzv072ODhQqjG2-6pTguoDX5Oto/edit"
    },
    {
      "date": "2025/08/13",
      "url": "https://docs.google.com/spreadsheets/d/1VP_SNAtzw7LXjBHtoX9QopiGQ5IwnJQ5r8bA65JIXo8/edit"
    },
    {
      "date": "2025/08/12",
      "url": "https://docs.google.com/spreadsheets/d/1mapKE7qmtCJxgxsrRXSenNmbWCMC8jwZYGoYWEwnyps/edit"
    },
    {
      "date": "2025/08/11",
      "url": "https://docs.google.com/spreadsheets/d/12Hg08sDYaaYqnOw7hC5Kx2KK99Y4TjvfGst54q9PGGE/edit"
    },
    {
      "date": "2025/08/10",
      "url": "https://docs.google.com/spreadsheets/d/1ICpDuH9JrG8-t3ouVaEjmj79anBR0Rcfx7yutGmlRWs/edit"
    },
    {
      "date": "2025/08/09",
      "url": "https://docs.google.com/spreadsheets/d/1BGwyHK5dM1PrAfF0gweZnpIlBnWvlFVUmT0PBecYl-M/edit"
    },
    {
      "date": "2025/08/08",
      "url": "https://docs.google.com/spreadsheets/d/139R-4YQjXV9_tC9tq3LljhfUh73rryaO_HNQM6Ty1nE/edit"
    },
    {
      "date": "2025/08/07",
      "url": "https://docs.google.com/spreadsheets/d/1afag_raeRdhXvl7ckYf24N0xaOX7Pqswl1PmrErjb8s/edit"
    },
    {
      "date": "2025/08/06",
      "url": "https://docs.google.com/spreadsheets/d/1juqSSSsQCU1e6PiXvxDORSoOFz-jemR7ZY3ZTeG7vYs/edit"
    },
    {
      "date": "2025/08/05",
      "url": "https://docs.google.com/spreadsheets/d/1XfYBuH3mrCwW7WlbgsjJhj_LH7lQfJYfo1Tb2xRDYlY/edit"
    },
    {
      "date": "2025/08/04",
      "url": "https://docs.google.com/spreadsheets/d/1PMoxsTJC7nLYGW4tdtSDvNrRIOT8csXHGiSO_zgXRVI/edit"
    },
    {
      "date": "2025/08/03",
      "url": "https://docs.google.com/spreadsheets/d/1cYBZhbkGBgO7Ca6Qsk_iHnYMcPmprd1MwS5Pj7999HE/edit"
    },
    {
      "date": "2025/08/02",
      "url": "https://docs.google.com/spreadsheets/d/1BwVfuG3bxgcAzZYu6ni77CUlgXCdNtT3aBtQWnTo6N0/edit"
    },
    {
      "date": "2025/08/01",
      "url": "https://docs.google.com/spreadsheets/d/1IMDGq7Wj45_q4FqniActZR3KWbZeWgVcja7bRRzn8N4/edit"
    },
    {
      "date": "2025/07/31",
      "url": "https://docs.google.com/spreadsheets/d/1ydGz8ycMBUwJWCPMW-KY_NdgdgczAfkTgeSocPVsvoo/edit"
    },
    {
      "date": "2025/07/30",
      "url": "https://docs.google.com/spreadsheets/d/15c4kMqijLfGG_A8lju_fYpGBCamDBPl5kBhIP-S2w_Y/edit"
    },
    {
      "date": "2025/07/29",
      "url": "https://docs.google.com/spreadsheets/d/1xiIwf4o9IwUxeT0NbYGN6LlT_RW6w3GsX-gCTF7j-Xc/edit"
    },
    {
      "date": "2025/07/28",
      "url": "https://docs.google.com/spreadsheets/d/1iCwWhC2W7hmfMFfwWcXGUCYTFk59yo7GVFv_yorEVvo/edit"
    },
    {
      "date": "2025/07/27",
      "url": "https://docs.google.com/spreadsheets/d/1lHRaukkIW2h-SbCWMo50KmT4bE6voHyWXBm6SOYadSY/edit"
    },
    {
      "date": "2025/07/26",
      "url": "https://docs.google.com/spreadsheets/d/1pKQZFV7wiMKnFlAE4jjQaVAvL001Hn9lDo3qQHFUR6o/edit"
    },
    {
      "date": "2025/07/25",
      "url": "https://docs.google.com/spreadsheets/d/1AMI7bCCyhbwMwiniFqxdDXc5zQtDgSZnUpg2vPTKu6c/edit"
    },
    {
      "date": "2025/07/24",
      "url": "https://docs.google.com/spreadsheets/d/1UeFFBUOlwbs-9F9IQ8NLIwTd1eWLEmWCG_ZiJtVWJWY/edit"
    },
    {
      "date": "2025/07/23",
      "url": "https://docs.google.com/spreadsheets/d/1Jcn4ufGMy-RH1ZF1MFtpKjy0UdDatX7bdSA0GQ_Slhs/edit"
    },
    {
      "date": "2025/07/22",
      "url": "https://docs.google.com/spreadsheets/d/1nKdgCl-nKm1hA2bkcMpjVUr7vJR4uikVc5F-kdLGEvU/edit"
    },
    {
      "date": "2025/07/21",
      "url": "https://docs.google.com/spreadsheets/d/1k03NEK5zv9NBBEsNoFxZ5_JtNgmhCd3siKF4I7YC9q0/edit"
    },
    {
      "date": "2025/07/20",
      "url": "https://docs.google.com/spreadsheets/d/1tK2qpcURFlvO56Sjugn_J06j4o778z74RcoeQzDjjy0/edit"
    },
    {
      "date": "2025/07/19",
      "url": "https://docs.google.com/spreadsheets/d/1ro_MUuwSEt_n9o81N0jJOnZ9AVxh5AyFDxYNQp6pTGg/edit"
    },
    {
      "date": "2025/07/18",
      "url": "https://docs.google.com/spreadsheets/d/1GZ6hiPNEjkD4EkBES6QK0pKB04tZWj3ALVgTfMl1VDo/edit"
    },
    {
      "date": "2025/07/17",
      "url": "https://docs.google.com/spreadsheets/d/1yoZQZBclEJ9CWgJ0NwK1_NAN8H2KW3OEBBx9e_nHpxI/edit"
    },
    {
      "date": "2025/07/16",
      "url": "https://docs.google.com/spreadsheets/d/1Jp_Q-NM52CsHj31NBFaqAvkwYw5MIe-q7DrzQlUI3nY/edit"
    },
    {
      "date": "2025/07/15",
      "url": "https://docs.google.com/spreadsheets/d/1_aXLDOK9gt-rN1b-IDWMkyU5z_YMN94ne3pMXyvVS9Q/edit"
    },
    {
      "date": "2025/07/14",
      "url": "https://docs.google.com/spreadsheets/d/1ka-jpq8G29QXjiD1FVutqgAMnmj-b3mAgLkU4MjcgkM/edit"
    },
    {
      "date": "2025/07/13",
      "url": "https://docs.google.com/spreadsheets/d/16UiJFEEjItuv34I77rcDVBq-SUoGnjmOCaj9CbhNfXo/edit"
    },
    {
      "date": "2025/07/12",
      "url": "https://docs.google.com/spreadsheets/d/1F_NqpDiqlGWkmT-FAACRvYFi9fqWUE3oKyP_ZdoH3gc/edit"
    },
    {
      "date": "2025/07/11",
      "url": "https://docs.google.com/spreadsheets/d/1KgBKEME4tyhrtARdJwZjGhmtVuH1dNDsguT2QSV291k/edit"
    },
    {
      "date": "2025/07/10",
      "url": "https://docs.google.com/spreadsheets/d/1hvhDPU7DQhEWnj2XycL2RDljZy5bjWDuVD2OJzdZXKg/edit"
    },
    {
      "date": "2025/07/09",
      "url": "https://docs.google.com/spreadsheets/d/1Cl-FcgbLXNiHSCQpTNJqHOezQYJOsKQPF4gN9vSzEzY/edit"
    },
    {
      "date": "2025/07/08",
      "url": "https://docs.google.com/spreadsheets/d/1AkdaOHJhPRz5v2Zr_uAb7FbdL_F2XzS0Wog4wMO-6bM/edit"
    },
    {
      "date": "2025/07/07",
      "url": "https://docs.google.com/spreadsheets/d/1k7MSEpDFAwS7L5r8OETCzL6bwyZxqngmzenvJdA88fQ/edit"
    },
    {
      "date": "2025/07/06",
      "url": "https://docs.google.com/spreadsheets/d/17_Ob4wODHyxIswmPwjAYqvXz8uJStaS1O6ybgA7Mpac/edit"
    },
    {
      "date": "2025/07/05",
      "url": "https://docs.google.com/spreadsheets/d/1Pu-t-TwMm-ytL-mZRglfEIT09ycrlpLJW8V_GW7eiQc/edit"
    },
    {
      "date": "2025/07/04",
      "url": "https://docs.google.com/spreadsheets/d/15TI0bqhWCn-fUxEMiW1xjCtdS1scNT3QpI3i_Oc2VGI/edit"
    },
    {
      "date": "2025/07/03",
      "url": "https://docs.google.com/spreadsheets/d/1ZxCxlGgcrDYg0g1GmfJ3QWOMzTwTMmZrzHrmNW4wTsA/edit"
    },
    {
      "date": "2025/07/02",
      "url": "https://docs.google.com/spreadsheets/d/1irRIJcjC2hc9VjJZTMgkm87MO6bAsz3-nSavCpkgIVg/edit"
    },
    {
      "date": "2025/07/01",
      "url": "https://docs.google.com/spreadsheets/d/10AfKwsV6qNcQCba-jca6rNpiUFRpkn5u3GFMEg8Wovk/edit"
    },
    {
      "date": "2025/06/30",
      "url": "https://docs.google.com/spreadsheets/d/1XJMsJnhuua2KtHsr9o8f0zMc-1LHzWg8jud92CnpBNY/edit"
    },
    {
      "date": "2025/06/29",
      "url": "https://docs.google.com/spreadsheets/d/1pzTMkM-QSzGoSurwal1ifZDK0a2qm6gidvFPM_hJkrw/edit"
    },
    {
      "date": "2025/06/28",
      "url": "https://docs.google.com/spreadsheets/d/1fkmSZemVDQ8I3_jgJunqL1V2rbDrN8VzFITBAIrOPWo/edit"
    },
    {
      "date": "2025/06/27",
      "url": "https://docs.google.com/spreadsheets/d/1I6Y47UteArg-qXh-CW41KsBsirjwsodXa3pByHFucoU/edit"
    },
    {
      "date": "2025/06/26",
      "url": "https://docs.google.com/spreadsheets/d/1TPC-k2KOTfFSio5fC9-ucG6qMdBdARbeHxeP4j7SRv4/edit"
    },
    {
      "date": "2025/06/25",
      "url": "https://docs.google.com/spreadsheets/d/1KI0uTCprNDCqzkEFI5Yhi9cu_NUCf3jv2Ro8v6PS5Ps/edit"
    },
    {
      "date": "2025/06/24",
      "url": "https://docs.google.com/spreadsheets/d/1LWcUdXTVLLagvbmgoAlMe28nKBd6rKMWvElX-WobyHk/edit"
    },
    {
      "date": "2025/06/23",
      "url": "https://docs.google.com/spreadsheets/d/1EmtlziWN77pqAe6qyp1b8Qqdi5m3Fw3blcjxh7KCklk/edit"
    },
    {
      "date": "2025/06/22",
      "url": "https://docs.google.com/spreadsheets/d/1Pc4QX9jVcwHdVmPs27eccSX8ee3s3JO7kQfCTkO3xJA/edit"
    },
    {
      "date": "2025/06/21",
      "url": "https://docs.google.com/spreadsheets/d/1VzLAAv-gW0UoZME9nffMPe_WW6MpmnY5JuR2c7N06kE/edit"
    },
    {
      "date": "2025/06/20",
      "url": "https://docs.google.com/spreadsheets/d/1fiq4QxRk8mBdoO3fGh1eT1tNB5zLYRcDwj-n5lW-MEk/edit"
    },
    {
      "date": "2025/06/19",
      "url": "https://docs.google.com/spreadsheets/d/1jAXYgy3pgY4OClgaqD9jCJeSvczw4-mBO8ZrYxlaFbk/edit"
    },
    {
      "date": "2025/06/18",
      "url": "https://docs.google.com/spreadsheets/d/18cqJxdxUESDLsjTCr9K7KQ8FOQTWxJAuT51hU0X1SOM/edit"
    },
    {
      "date": "2025/06/17",
      "url": "https://docs.google.com/spreadsheets/d/1lDwAIYTLVdrD_WVdd5jriJr8OoEVay_-ACXN1o95B_I/edit"
    },
    {
      "date": "2025/06/16",
      "url": "https://docs.google.com/spreadsheets/d/1CLQNVrR7HGcGf_1OyXoiOzhomL0kDK9OAmrCw4o0UMo/edit"
    },
    {
      "date": "2025/06/15",
      "url": "https://docs.google.com/spreadsheets/d/11fwNY9A_QeKNTRImpBnS0Jw_7DZrhVpzRb8AZ95J960/edit"
    },
    {
      "date": "2025/06/14",
      "url": "https://docs.google.com/spreadsheets/d/196ZQbxHLCbAiOaN7yE7fYEZzy3xCnc9tv2yKmJpvW24/edit"
    },
    {
      "date": "2025/06/13",
      "url": "https://docs.google.com/spreadsheets/d/10WjybULYzVK7MVsKpRYqFyBoKUwosB4ncMHVnzv0mpo/edit"
    },
    {
      "date": "2025/06/12",
      "url": "https://docs.google.com/spreadsheets/d/1FL_OPQVt7osb_i0P2F8x-5dw6ZIcwsNwMXBOY46Glag/edit"
    },
    {
      "date": "2025/06/11",
      "url": "https://docs.google.com/spreadsheets/d/1hx_IFxPzjNiAWUU2J80OZJhCTDNI0-p78CVuxYFG3R0/edit"
    },
    {
      "date": "2025/06/10",
      "url": "https://docs.google.com/spreadsheets/d/1R6evopww_9hgsPUU5EJSDq9USeIWhKAWJuFs2iFTQTo/edit"
    },
    {
      "date": "2025/06/09",
      "url": "https://docs.google.com/spreadsheets/d/11pGR5G_Nuo_WZR58TEuUam3ADEKR5WkwL0Vj03_PVVI/edit"
    },
    {
      "date": "2025/06/08",
      "url": "https://docs.google.com/spreadsheets/d/1Ok1Ng01KrMnV5E4SsrJrkJCe-wcju6womQCVwKZxMr0/edit"
    },
    {
      "date": "2025/06/07",
      "url": "https://docs.google.com/spreadsheets/d/1WKrgiEMtnaYCFPbtaI32sc-3-3K2buldOz4Sda-Pdt4/edit"
    },
    {
      "date": "2025/06/06",
      "url": "https://docs.google.com/spreadsheets/d/1lgQW_r3-ggu1o12JVl369L4k9QtqpyqysXduI3_a7ts/edit"
    },
    {
      "date": "2025/06/05",
      "url": "https://docs.google.com/spreadsheets/d/1BP6WbcICh-YDdmAvF4im2oiQLbFggA9-CGSg7Y5E2AU/edit"
    },
    {
      "date": "2025/06/04",
      "url": "https://docs.google.com/spreadsheets/d/1UR4gTF72xMVFlDjvYV3pVitmDzWGY0KOrzSFC77dtlo/edit"
    },
    {
      "date": "2025/06/03",
      "url": "https://docs.google.com/spreadsheets/d/1VSJkBiMevfSSRAHTEJueWwp3Ww4IxQ8nwy5qPMLGz9o/edit"
    },
    {
      "date": "2025/06/02",
      "url": "https://docs.google.com/spreadsheets/d/1IfyL4vbAk0OPR9bW2QX5QNjDEjJnVBAEiF3gMtTfq0A/edit"
    },
    {
      "date": "2025/06/01",
      "url": "https://docs.google.com/spreadsheets/d/1pXuF-aquLgyc2A6QDJzfirjvvdz0qX5eAcMFl9YTeSo/edit"
    }
  ]
}
---
