[2025-09-07T01:43:39.463Z] [CLシート 日付データ] 日付取得開始
{
  "sheetId": "1pJQqCWrIBTp5JFxByoOOQt82qqQZ5AXz8cQgy1LHzZY",
  "url": "https://docs.google.com/spreadsheets/d/1pJQqCWrIBTp5JFxByoOOQt82qqQZ5AXz8cQgy1LHzZY/edit?pli=1&gid=0#gid=0"
}
---
[2025-09-07T01:43:41.577Z] [CLシート 日付データ] 日付データ: 2025/06/24
{
  "url": "https://docs.google.com/spreadsheets/d/1Y8OYOSDUU8qhHDZjnnCSqKGl_RSVVI4kwpITcUffSBo/edit"
}
---
[2025-09-07T01:43:41.577Z] [CLシート 日付データ] 日付データ: 2025/06/25
{
  "url": "https://docs.google.com/spreadsheets/d/1hItvp-LaDvUHxLvnviRuQS0-g_VecODPVD2-RhL01v0/edit"
}
---
[2025-09-07T01:43:41.578Z] [CLシート 日付データ] 日付データ: 2025/06/26
{
  "url": "https://docs.google.com/spreadsheets/d/1bzOL1IsFyDgnJI-JeuWnZRVLxT_dCojWpriT47K2pkM/edit"
}
---
[2025-09-07T01:43:41.578Z] [CLシート 日付データ] 日付データ: 2025/06/27
{
  "url": "https://docs.google.com/spreadsheets/d/1B0ZhDPy-vUXrLJf5Hz0ylauuyAqaVDy8DrWam9YnG3s/edit"
}
---
[2025-09-07T01:43:41.578Z] [CLシート 日付データ] 日付データ: 2025/06/30
{
  "url": "https://docs.google.com/spreadsheets/d/1EszA5Pcd3d_T2qsjPVPCdyaddtIP6qSwJ2UdkFz7EDk/edit"
}
---
[2025-09-07T01:43:41.578Z] [CLシート 日付データ] 日付データ: 2025/07/01
{
  "url": "https://docs.google.com/spreadsheets/d/1fBPKVfK5yNGZnyJ7TCj3ajYIewWKhP6IDgEHTUo047I/edit"
}
---
[2025-09-07T01:43:41.578Z] [CLシート 日付データ] 日付データ: 2025/07/02
{
  "url": "https://docs.google.com/spreadsheets/d/1fhXIrcQAHYtLriKxFrscLNj3BihPrYA8GUzkjQ1AxFU/edit"
}
---
[2025-09-07T01:43:41.579Z] [CLシート 日付データ] 日付データ: 2025/07/03
{
  "url": "https://docs.google.com/spreadsheets/d/1iv1u9ZEqROmoNDYAIpduf8Rk-bDonP02f1uHLynWBVo/edit"
}
---
[2025-09-07T01:43:41.579Z] [CLシート 日付データ] 日付データ: 2025/07/04
{
  "url": "https://docs.google.com/spreadsheets/d/12sLl00cuRBA7mv8fU4_J_YCPe9E_enyGm-ABycBymOQ/edit"
}
---
[2025-09-07T01:43:41.579Z] [CLシート 日付データ] 日付データ: 2025/07/07
{
  "url": "https://docs.google.com/spreadsheets/d/1EMHd5UGUXb4uzktk_I72YwlvvXA3Gz2O_7-yUOKOGIk/edit"
}
---
[2025-09-07T01:43:41.579Z] [CLシート 日付データ] 日付データ: 2025/07/08
{
  "url": "https://docs.google.com/spreadsheets/d/1sOncNFkyNS6v6b04eLqFhEnv7BoGir6IV0Ck0TlVKMk/edit"
}
---
[2025-09-07T01:43:41.579Z] [CLシート 日付データ] 日付データ: 2025/07/09
{
  "url": "https://docs.google.com/spreadsheets/d/1CTZzL8_9ESzVn8HeqnVuyNTvNvy9MalajU4MPPWPwUk/edit"
}
---
[2025-09-07T01:43:41.579Z] [CLシート 日付データ] 日付データ: 2025/07/10
{
  "url": "https://docs.google.com/spreadsheets/d/1A3KIKcuX0K5EC7PgIsLYnnzudphVWBYPddcZl1Y7FUY/edit"
}
---
[2025-09-07T01:43:41.580Z] [CLシート 日付データ] 日付データ: 2025/07/11
{
  "url": "https://docs.google.com/spreadsheets/d/1axmHOS5BRlQGfUNIcT4k_WBKLotoCKKT5-guM4yR-dc/edit"
}
---
[2025-09-07T01:43:41.580Z] [CLシート 日付データ] 日付データ: 2025/07/14
{
  "url": "https://docs.google.com/spreadsheets/d/1BqCEwMxUWWDAD7T_YncWUHWUvw1CGL1sxf6M5InxFEw/edit"
}
---
[2025-09-07T01:43:41.580Z] [CLシート 日付データ] 日付データ: 2025/07/15
{
  "url": "https://docs.google.com/spreadsheets/d/12N7UOgrlBBqNwPaf8kRNwpfEfKs8isjLghLZbyGIubU/edit"
}
---
[2025-09-07T01:43:41.580Z] [CLシート 日付データ] 日付データ: 2025/07/16
{
  "url": "https://docs.google.com/spreadsheets/d/1Z0Qv2igcd1KBtYl_1QZ078FTTeo7bPZFn8CStjJfMzI/edit"
}
---
[2025-09-07T01:43:41.580Z] [CLシート 日付データ] 日付データ: 2025/07/17
{
  "url": "https://docs.google.com/spreadsheets/d/17oPE67VTKch5wrlc9XgmuI8A8BU4z-2DeXaE1EuWXmM/edit"
}
---
[2025-09-07T01:43:41.580Z] [CLシート 日付データ] 日付データ: 2025/07/18
{
  "url": "https://docs.google.com/spreadsheets/d/1FpP81uZz-_UyvtlwMKwgXPdEk5c3sP5ZyBvZMpyJTKY/edit"
}
---
[2025-09-07T01:43:41.580Z] [CLシート 日付データ] 日付データ: 2025/07/22
{
  "url": "https://docs.google.com/spreadsheets/d/1RbP6xOTuhmTApNxlqt9KRhlCzuiNrH6F2u_ZeCVvXcY/edit"
}
---
[2025-09-07T01:43:41.580Z] [CLシート 日付データ] 日付データ: 2025/07/23
{
  "url": "https://docs.google.com/spreadsheets/d/1WxioCqutMBrP1MKjk53_NRULsgtfq1E3A93NYGpdNrM/edit"
}
---
[2025-09-07T01:43:41.581Z] [CLシート 日付データ] 日付データ: 2025/07/24
{
  "url": "https://docs.google.com/spreadsheets/d/1LTl5hQ_CyudzaNUJaf1-VRwSoYn6RqNvqZTVN36CRZU/edit"
}
---
[2025-09-07T01:43:41.581Z] [CLシート 日付データ] 日付データ: 2025/07/25
{
  "url": "https://docs.google.com/spreadsheets/d/1mCTy6kRa6E7gYW9U9e2qUbaYmXQ6TGCKKxWL1yFDcVc/edit"
}
---
[2025-09-07T01:43:41.581Z] [CLシート 日付データ] 日付データ: 2025/07/28
{
  "url": "https://docs.google.com/spreadsheets/d/1Q4mq2y7tWWE0tH2DCOcY8L9lTup4nMVWRjFatvRHDcA/edit"
}
---
[2025-09-07T01:43:41.581Z] [CLシート 日付データ] 日付データ: 2025/07/29
{
  "url": "https://docs.google.com/spreadsheets/d/1NzktEFzKh23bYW5nrfSxgK8fFf-iihm8Mg6-YM7TaSA/edit"
}
---
[2025-09-07T01:43:41.581Z] [CLシート 日付データ] 日付データ: 2025/07/30
{
  "url": "https://docs.google.com/spreadsheets/d/1r8NMCR7YMWvXT8KN1dJAq1LscCX1WwfvIhb7HBrbVjM/edit"
}
---
[2025-09-07T01:43:41.581Z] [CLシート 日付データ] 日付データ: 2025/07/31
{
  "url": "https://docs.google.com/spreadsheets/d/1khZDo7-aNjYUg7fwSX6fYGnREaAl9Tf6zZiu9UWWRQA/edit"
}
---
[2025-09-07T01:43:41.581Z] [CLシート 日付データ] 日付データ: 2025/08/01
{
  "url": "https://docs.google.com/spreadsheets/d/1oedjRsTfz00QLdQT_KlGwFMt2m0KOj3Wz_tA2b8jiBk/edit"
}
---
[2025-09-07T01:43:41.581Z] [CLシート 日付データ] 日付データ: 2025/08/04
{
  "url": "https://docs.google.com/spreadsheets/d/1wIXGCdbXlnXyv_zTneNGfEBFaBVExh1Dev5rgMAWc6g/edit"
}
---
[2025-09-07T01:43:41.582Z] [CLシート 日付データ] 日付データ: 2025/08/05
{
  "url": "https://docs.google.com/spreadsheets/d/1PREj9RsN0u2P8S6yoWtul4p7ZvXuu3GeyD9uNW6Amfg/edit"
}
---
[2025-09-07T01:43:41.582Z] [CLシート 日付データ] 日付データ: 2025/08/06
{
  "url": "https://docs.google.com/spreadsheets/d/1Gn8fAyojMWfSuOCynysPfRlvDZ_YtKk5nNRA80LQIWA/edit"
}
---
[2025-09-07T01:43:41.582Z] [CLシート 日付データ] 日付データ: 2025/08/07
{
  "url": "https://docs.google.com/spreadsheets/d/1_8HRJc70dHPM_J4ycmKyMEU1iMa3WIhNEXrRoCMIh5s/edit"
}
---
[2025-09-07T01:43:41.582Z] [CLシート 日付データ] 日付データ: 2025/08/08
{
  "url": "https://docs.google.com/spreadsheets/d/1M7YKRh4vPYaJGrDgvBN3gOrN__b7qfNVhpJ5Wbu9zac/edit"
}
---
[2025-09-07T01:43:41.582Z] [CLシート 日付データ] 日付データ: 2025/08/12
{
  "url": "https://docs.google.com/spreadsheets/d/1PqsN2UEjbp8c7ua70jFxKRsKQmQv0lcuBlAbIODB7nw/edit"
}
---
[2025-09-07T01:43:41.582Z] [CLシート 日付データ] 日付データ: 2025/08/13
{
  "url": "https://docs.google.com/spreadsheets/d/16qgIa8t4yLacG8SzTRvR4td32Ebc-BJ83ZxiJcXsRUg/edit"
}
---
[2025-09-07T01:43:41.582Z] [CLシート 日付データ] 日付データ: 2025/08/14
{
  "url": "https://docs.google.com/spreadsheets/d/1lBYJR4snyJW2p-M5p6azKBJ6NSxi1OQxDIggAVBExqY/edit"
}
---
[2025-09-07T01:43:41.583Z] [CLシート 日付データ] 日付データ: 2025/08/15
{
  "url": "https://docs.google.com/spreadsheets/d/1Lt6VLDqGYzpUJi4Hwl-uIojKhy8LmcpUACR9qFSHKMk/edit"
}
---
[2025-09-07T01:43:41.583Z] [CLシート 日付データ] 日付データ: 2025/08/18
{
  "url": "https://docs.google.com/spreadsheets/d/192GcRjjQ_dH766i7YbDDg8LkitjUeskuei_ycnLCCoU/edit"
}
---
[2025-09-07T01:43:41.583Z] [CLシート 日付データ] 日付データ: 2025/08/19
{
  "url": "https://docs.google.com/spreadsheets/d/1mANkPU6ZkSd0lKWkOat-olUoe_QtR-ftuSRjLnubEUE/edit"
}
---
[2025-09-07T01:43:41.583Z] [CLシート 日付データ] 日付データ: 2025/08/20
{
  "url": "https://docs.google.com/spreadsheets/d/14GUP3QOMXbSjuCqkUWI1s-dem5E9FW05klTJSt_42ig/edit"
}
---
[2025-09-07T01:43:41.583Z] [CLシート 日付データ] 日付データ: 2025/08/21
{
  "url": "https://docs.google.com/spreadsheets/d/1KNiXLzS0XRWWBVEzLHQAs6O7glYXsPlr_DROTQKQZA8/edit"
}
---
[2025-09-07T01:43:41.583Z] [CLシート 日付データ] 日付データ: 2025/08/22
{
  "url": "https://docs.google.com/spreadsheets/d/12jnbpiK7x9baMvVD_vItzMX8vh_UmhItFo6BxHpkJDA/edit"
}
---
[2025-09-07T01:43:41.583Z] [CLシート 日付データ] 日付データ: 2025/08/25
{
  "url": "https://docs.google.com/spreadsheets/d/1oqhJ1vjfTPE_SSPgLIJCRaMGBOWHIVQhWDsXXOBZsAg/edit"
}
---
[2025-09-07T01:43:41.583Z] [CLシート 日付データ] 日付データ: 2025/08/26
{
  "url": "https://docs.google.com/spreadsheets/d/13yqsfgXEmtvoxlrX-4RTo9kBzzi0aqaWS7hXuGptinY/edit"
}
---
[2025-09-07T01:43:41.584Z] [CLシート 日付データ] 日付データ: 2025/08/27
{
  "url": "https://docs.google.com/spreadsheets/d/1g1xfYRbJJoX1TZY73yWDQZyJBYPMKvQ4X1q_JkTEuSc/edit"
}
---
[2025-09-07T01:43:41.584Z] [CLシート 日付データ] 日付データ: 2025/08/28
{
  "url": "https://docs.google.com/spreadsheets/d/1KRpH7B9zQDShLlT0pV8h2YECMhyHwvWdx4AIa6gNC6Y/edit"
}
---
[2025-09-07T01:43:41.584Z] [CLシート 日付データ] 日付取得完了
{
  "validDatesCount": 46,
  "validDates": [
    {
      "date": "2025/08/28",
      "url": "https://docs.google.com/spreadsheets/d/1KRpH7B9zQDShLlT0pV8h2YECMhyHwvWdx4AIa6gNC6Y/edit"
    },
    {
      "date": "2025/08/27",
      "url": "https://docs.google.com/spreadsheets/d/1g1xfYRbJJoX1TZY73yWDQZyJBYPMKvQ4X1q_JkTEuSc/edit"
    },
    {
      "date": "2025/08/26",
      "url": "https://docs.google.com/spreadsheets/d/13yqsfgXEmtvoxlrX-4RTo9kBzzi0aqaWS7hXuGptinY/edit"
    },
    {
      "date": "2025/08/25",
      "url": "https://docs.google.com/spreadsheets/d/1oqhJ1vjfTPE_SSPgLIJCRaMGBOWHIVQhWDsXXOBZsAg/edit"
    },
    {
      "date": "2025/08/22",
      "url": "https://docs.google.com/spreadsheets/d/12jnbpiK7x9baMvVD_vItzMX8vh_UmhItFo6BxHpkJDA/edit"
    },
    {
      "date": "2025/08/21",
      "url": "https://docs.google.com/spreadsheets/d/1KNiXLzS0XRWWBVEzLHQAs6O7glYXsPlr_DROTQKQZA8/edit"
    },
    {
      "date": "2025/08/20",
      "url": "https://docs.google.com/spreadsheets/d/14GUP3QOMXbSjuCqkUWI1s-dem5E9FW05klTJSt_42ig/edit"
    },
    {
      "date": "2025/08/19",
      "url": "https://docs.google.com/spreadsheets/d/1mANkPU6ZkSd0lKWkOat-olUoe_QtR-ftuSRjLnubEUE/edit"
    },
    {
      "date": "2025/08/18",
      "url": "https://docs.google.com/spreadsheets/d/192GcRjjQ_dH766i7YbDDg8LkitjUeskuei_ycnLCCoU/edit"
    },
    {
      "date": "2025/08/15",
      "url": "https://docs.google.com/spreadsheets/d/1Lt6VLDqGYzpUJi4Hwl-uIojKhy8LmcpUACR9qFSHKMk/edit"
    },
    {
      "date": "2025/08/14",
      "url": "https://docs.google.com/spreadsheets/d/1lBYJR4snyJW2p-M5p6azKBJ6NSxi1OQxDIggAVBExqY/edit"
    },
    {
      "date": "2025/08/13",
      "url": "https://docs.google.com/spreadsheets/d/16qgIa8t4yLacG8SzTRvR4td32Ebc-BJ83ZxiJcXsRUg/edit"
    },
    {
      "date": "2025/08/12",
      "url": "https://docs.google.com/spreadsheets/d/1PqsN2UEjbp8c7ua70jFxKRsKQmQv0lcuBlAbIODB7nw/edit"
    },
    {
      "date": "2025/08/08",
      "url": "https://docs.google.com/spreadsheets/d/1M7YKRh4vPYaJGrDgvBN3gOrN__b7qfNVhpJ5Wbu9zac/edit"
    },
    {
      "date": "2025/08/07",
      "url": "https://docs.google.com/spreadsheets/d/1_8HRJc70dHPM_J4ycmKyMEU1iMa3WIhNEXrRoCMIh5s/edit"
    },
    {
      "date": "2025/08/06",
      "url": "https://docs.google.com/spreadsheets/d/1Gn8fAyojMWfSuOCynysPfRlvDZ_YtKk5nNRA80LQIWA/edit"
    },
    {
      "date": "2025/08/05",
      "url": "https://docs.google.com/spreadsheets/d/1PREj9RsN0u2P8S6yoWtul4p7ZvXuu3GeyD9uNW6Amfg/edit"
    },
    {
      "date": "2025/08/04",
      "url": "https://docs.google.com/spreadsheets/d/1wIXGCdbXlnXyv_zTneNGfEBFaBVExh1Dev5rgMAWc6g/edit"
    },
    {
      "date": "2025/08/01",
      "url": "https://docs.google.com/spreadsheets/d/1oedjRsTfz00QLdQT_KlGwFMt2m0KOj3Wz_tA2b8jiBk/edit"
    },
    {
      "date": "2025/07/31",
      "url": "https://docs.google.com/spreadsheets/d/1khZDo7-aNjYUg7fwSX6fYGnREaAl9Tf6zZiu9UWWRQA/edit"
    },
    {
      "date": "2025/07/30",
      "url": "https://docs.google.com/spreadsheets/d/1r8NMCR7YMWvXT8KN1dJAq1LscCX1WwfvIhb7HBrbVjM/edit"
    },
    {
      "date": "2025/07/29",
      "url": "https://docs.google.com/spreadsheets/d/1NzktEFzKh23bYW5nrfSxgK8fFf-iihm8Mg6-YM7TaSA/edit"
    },
    {
      "date": "2025/07/28",
      "url": "https://docs.google.com/spreadsheets/d/1Q4mq2y7tWWE0tH2DCOcY8L9lTup4nMVWRjFatvRHDcA/edit"
    },
    {
      "date": "2025/07/25",
      "url": "https://docs.google.com/spreadsheets/d/1mCTy6kRa6E7gYW9U9e2qUbaYmXQ6TGCKKxWL1yFDcVc/edit"
    },
    {
      "date": "2025/07/24",
      "url": "https://docs.google.com/spreadsheets/d/1LTl5hQ_CyudzaNUJaf1-VRwSoYn6RqNvqZTVN36CRZU/edit"
    },
    {
      "date": "2025/07/23",
      "url": "https://docs.google.com/spreadsheets/d/1WxioCqutMBrP1MKjk53_NRULsgtfq1E3A93NYGpdNrM/edit"
    },
    {
      "date": "2025/07/22",
      "url": "https://docs.google.com/spreadsheets/d/1RbP6xOTuhmTApNxlqt9KRhlCzuiNrH6F2u_ZeCVvXcY/edit"
    },
    {
      "date": "2025/07/18",
      "url": "https://docs.google.com/spreadsheets/d/1FpP81uZz-_UyvtlwMKwgXPdEk5c3sP5ZyBvZMpyJTKY/edit"
    },
    {
      "date": "2025/07/17",
      "url": "https://docs.google.com/spreadsheets/d/17oPE67VTKch5wrlc9XgmuI8A8BU4z-2DeXaE1EuWXmM/edit"
    },
    {
      "date": "2025/07/16",
      "url": "https://docs.google.com/spreadsheets/d/1Z0Qv2igcd1KBtYl_1QZ078FTTeo7bPZFn8CStjJfMzI/edit"
    },
    {
      "date": "2025/07/15",
      "url": "https://docs.google.com/spreadsheets/d/12N7UOgrlBBqNwPaf8kRNwpfEfKs8isjLghLZbyGIubU/edit"
    },
    {
      "date": "2025/07/14",
      "url": "https://docs.google.com/spreadsheets/d/1BqCEwMxUWWDAD7T_YncWUHWUvw1CGL1sxf6M5InxFEw/edit"
    },
    {
      "date": "2025/07/11",
      "url": "https://docs.google.com/spreadsheets/d/1axmHOS5BRlQGfUNIcT4k_WBKLotoCKKT5-guM4yR-dc/edit"
    },
    {
      "date": "2025/07/10",
      "url": "https://docs.google.com/spreadsheets/d/1A3KIKcuX0K5EC7PgIsLYnnzudphVWBYPddcZl1Y7FUY/edit"
    },
    {
      "date": "2025/07/09",
      "url": "https://docs.google.com/spreadsheets/d/1CTZzL8_9ESzVn8HeqnVuyNTvNvy9MalajU4MPPWPwUk/edit"
    },
    {
      "date": "2025/07/08",
      "url": "https://docs.google.com/spreadsheets/d/1sOncNFkyNS6v6b04eLqFhEnv7BoGir6IV0Ck0TlVKMk/edit"
    },
    {
      "date": "2025/07/07",
      "url": "https://docs.google.com/spreadsheets/d/1EMHd5UGUXb4uzktk_I72YwlvvXA3Gz2O_7-yUOKOGIk/edit"
    },
    {
      "date": "2025/07/04",
      "url": "https://docs.google.com/spreadsheets/d/12sLl00cuRBA7mv8fU4_J_YCPe9E_enyGm-ABycBymOQ/edit"
    },
    {
      "date": "2025/07/03",
      "url": "https://docs.google.com/spreadsheets/d/1iv1u9ZEqROmoNDYAIpduf8Rk-bDonP02f1uHLynWBVo/edit"
    },
    {
      "date": "2025/07/02",
      "url": "https://docs.google.com/spreadsheets/d/1fhXIrcQAHYtLriKxFrscLNj3BihPrYA8GUzkjQ1AxFU/edit"
    },
    {
      "date": "2025/07/01",
      "url": "https://docs.google.com/spreadsheets/d/1fBPKVfK5yNGZnyJ7TCj3ajYIewWKhP6IDgEHTUo047I/edit"
    },
    {
      "date": "2025/06/30",
      "url": "https://docs.google.com/spreadsheets/d/1EszA5Pcd3d_T2qsjPVPCdyaddtIP6qSwJ2UdkFz7EDk/edit"
    },
    {
      "date": "2025/06/27",
      "url": "https://docs.google.com/spreadsheets/d/1B0ZhDPy-vUXrLJf5Hz0ylauuyAqaVDy8DrWam9YnG3s/edit"
    },
    {
      "date": "2025/06/26",
      "url": "https://docs.google.com/spreadsheets/d/1bzOL1IsFyDgnJI-JeuWnZRVLxT_dCojWpriT47K2pkM/edit"
    },
    {
      "date": "2025/06/25",
      "url": "https://docs.google.com/spreadsheets/d/1hItvp-LaDvUHxLvnviRuQS0-g_VecODPVD2-RhL01v0/edit"
    },
    {
      "date": "2025/06/24",
      "url": "https://docs.google.com/spreadsheets/d/1Y8OYOSDUU8qhHDZjnnCSqKGl_RSVVI4kwpITcUffSBo/edit"
    }
  ]
}
---
[2025-09-07T01:55:27.202Z] [CLシート 日付データ] 日付取得開始
{
  "sheetId": "1pJQqCWrIBTp5JFxByoOOQt82qqQZ5AXz8cQgy1LHzZY",
  "url": "https://docs.google.com/spreadsheets/d/1pJQqCWrIBTp5JFxByoOOQt82qqQZ5AXz8cQgy1LHzZY/edit?pli=1&gid=0#gid=0"
}
---
[2025-09-07T01:55:28.624Z] [CLシート 日付データ] 日付データ: 2025/06/24
{
  "url": "https://docs.google.com/spreadsheets/d/1Y8OYOSDUU8qhHDZjnnCSqKGl_RSVVI4kwpITcUffSBo/edit"
}
---
[2025-09-07T01:55:28.625Z] [CLシート 日付データ] 日付データ: 2025/06/25
{
  "url": "https://docs.google.com/spreadsheets/d/1hItvp-LaDvUHxLvnviRuQS0-g_VecODPVD2-RhL01v0/edit"
}
---
[2025-09-07T01:55:28.625Z] [CLシート 日付データ] 日付データ: 2025/06/26
{
  "url": "https://docs.google.com/spreadsheets/d/1bzOL1IsFyDgnJI-JeuWnZRVLxT_dCojWpriT47K2pkM/edit"
}
---
[2025-09-07T01:55:28.626Z] [CLシート 日付データ] 日付データ: 2025/06/27
{
  "url": "https://docs.google.com/spreadsheets/d/1B0ZhDPy-vUXrLJf5Hz0ylauuyAqaVDy8DrWam9YnG3s/edit"
}
---
[2025-09-07T01:55:28.627Z] [CLシート 日付データ] 日付データ: 2025/06/30
{
  "url": "https://docs.google.com/spreadsheets/d/1EszA5Pcd3d_T2qsjPVPCdyaddtIP6qSwJ2UdkFz7EDk/edit"
}
---
[2025-09-07T01:55:28.627Z] [CLシート 日付データ] 日付データ: 2025/07/01
{
  "url": "https://docs.google.com/spreadsheets/d/1fBPKVfK5yNGZnyJ7TCj3ajYIewWKhP6IDgEHTUo047I/edit"
}
---
[2025-09-07T01:55:28.628Z] [CLシート 日付データ] 日付データ: 2025/07/02
{
  "url": "https://docs.google.com/spreadsheets/d/1fhXIrcQAHYtLriKxFrscLNj3BihPrYA8GUzkjQ1AxFU/edit"
}
---
[2025-09-07T01:55:28.628Z] [CLシート 日付データ] 日付データ: 2025/07/03
{
  "url": "https://docs.google.com/spreadsheets/d/1iv1u9ZEqROmoNDYAIpduf8Rk-bDonP02f1uHLynWBVo/edit"
}
---
[2025-09-07T01:55:28.629Z] [CLシート 日付データ] 日付データ: 2025/07/04
{
  "url": "https://docs.google.com/spreadsheets/d/12sLl00cuRBA7mv8fU4_J_YCPe9E_enyGm-ABycBymOQ/edit"
}
---
[2025-09-07T01:55:28.629Z] [CLシート 日付データ] 日付データ: 2025/07/07
{
  "url": "https://docs.google.com/spreadsheets/d/1EMHd5UGUXb4uzktk_I72YwlvvXA3Gz2O_7-yUOKOGIk/edit"
}
---
[2025-09-07T01:55:28.630Z] [CLシート 日付データ] 日付データ: 2025/07/08
{
  "url": "https://docs.google.com/spreadsheets/d/1sOncNFkyNS6v6b04eLqFhEnv7BoGir6IV0Ck0TlVKMk/edit"
}
---
[2025-09-07T01:55:28.631Z] [CLシート 日付データ] 日付データ: 2025/07/09
{
  "url": "https://docs.google.com/spreadsheets/d/1CTZzL8_9ESzVn8HeqnVuyNTvNvy9MalajU4MPPWPwUk/edit"
}
---
[2025-09-07T01:55:28.632Z] [CLシート 日付データ] 日付データ: 2025/07/10
{
  "url": "https://docs.google.com/spreadsheets/d/1A3KIKcuX0K5EC7PgIsLYnnzudphVWBYPddcZl1Y7FUY/edit"
}
---
[2025-09-07T01:55:28.632Z] [CLシート 日付データ] 日付データ: 2025/07/11
{
  "url": "https://docs.google.com/spreadsheets/d/1axmHOS5BRlQGfUNIcT4k_WBKLotoCKKT5-guM4yR-dc/edit"
}
---
[2025-09-07T01:55:28.633Z] [CLシート 日付データ] 日付データ: 2025/07/14
{
  "url": "https://docs.google.com/spreadsheets/d/1BqCEwMxUWWDAD7T_YncWUHWUvw1CGL1sxf6M5InxFEw/edit"
}
---
[2025-09-07T01:55:28.634Z] [CLシート 日付データ] 日付データ: 2025/07/15
{
  "url": "https://docs.google.com/spreadsheets/d/12N7UOgrlBBqNwPaf8kRNwpfEfKs8isjLghLZbyGIubU/edit"
}
---
[2025-09-07T01:55:28.634Z] [CLシート 日付データ] 日付データ: 2025/07/16
{
  "url": "https://docs.google.com/spreadsheets/d/1Z0Qv2igcd1KBtYl_1QZ078FTTeo7bPZFn8CStjJfMzI/edit"
}
---
[2025-09-07T01:55:28.635Z] [CLシート 日付データ] 日付データ: 2025/07/17
{
  "url": "https://docs.google.com/spreadsheets/d/17oPE67VTKch5wrlc9XgmuI8A8BU4z-2DeXaE1EuWXmM/edit"
}
---
[2025-09-07T01:55:28.636Z] [CLシート 日付データ] 日付データ: 2025/07/18
{
  "url": "https://docs.google.com/spreadsheets/d/1FpP81uZz-_UyvtlwMKwgXPdEk5c3sP5ZyBvZMpyJTKY/edit"
}
---
[2025-09-07T01:55:28.637Z] [CLシート 日付データ] 日付データ: 2025/07/22
{
  "url": "https://docs.google.com/spreadsheets/d/1RbP6xOTuhmTApNxlqt9KRhlCzuiNrH6F2u_ZeCVvXcY/edit"
}
---
[2025-09-07T01:55:28.638Z] [CLシート 日付データ] 日付データ: 2025/07/23
{
  "url": "https://docs.google.com/spreadsheets/d/1WxioCqutMBrP1MKjk53_NRULsgtfq1E3A93NYGpdNrM/edit"
}
---
[2025-09-07T01:55:28.638Z] [CLシート 日付データ] 日付データ: 2025/07/24
{
  "url": "https://docs.google.com/spreadsheets/d/1LTl5hQ_CyudzaNUJaf1-VRwSoYn6RqNvqZTVN36CRZU/edit"
}
---
[2025-09-07T01:55:28.639Z] [CLシート 日付データ] 日付データ: 2025/07/25
{
  "url": "https://docs.google.com/spreadsheets/d/1mCTy6kRa6E7gYW9U9e2qUbaYmXQ6TGCKKxWL1yFDcVc/edit"
}
---
[2025-09-07T01:55:28.639Z] [CLシート 日付データ] 日付データ: 2025/07/28
{
  "url": "https://docs.google.com/spreadsheets/d/1Q4mq2y7tWWE0tH2DCOcY8L9lTup4nMVWRjFatvRHDcA/edit"
}
---
[2025-09-07T01:55:28.640Z] [CLシート 日付データ] 日付データ: 2025/07/29
{
  "url": "https://docs.google.com/spreadsheets/d/1NzktEFzKh23bYW5nrfSxgK8fFf-iihm8Mg6-YM7TaSA/edit"
}
---
[2025-09-07T01:55:28.641Z] [CLシート 日付データ] 日付データ: 2025/07/30
{
  "url": "https://docs.google.com/spreadsheets/d/1r8NMCR7YMWvXT8KN1dJAq1LscCX1WwfvIhb7HBrbVjM/edit"
}
---
[2025-09-07T01:55:28.641Z] [CLシート 日付データ] 日付データ: 2025/07/31
{
  "url": "https://docs.google.com/spreadsheets/d/1khZDo7-aNjYUg7fwSX6fYGnREaAl9Tf6zZiu9UWWRQA/edit"
}
---
[2025-09-07T01:55:28.641Z] [CLシート 日付データ] 日付データ: 2025/08/01
{
  "url": "https://docs.google.com/spreadsheets/d/1oedjRsTfz00QLdQT_KlGwFMt2m0KOj3Wz_tA2b8jiBk/edit"
}
---
[2025-09-07T01:55:28.642Z] [CLシート 日付データ] 日付データ: 2025/08/04
{
  "url": "https://docs.google.com/spreadsheets/d/1wIXGCdbXlnXyv_zTneNGfEBFaBVExh1Dev5rgMAWc6g/edit"
}
---
[2025-09-07T01:55:28.642Z] [CLシート 日付データ] 日付データ: 2025/08/05
{
  "url": "https://docs.google.com/spreadsheets/d/1PREj9RsN0u2P8S6yoWtul4p7ZvXuu3GeyD9uNW6Amfg/edit"
}
---
[2025-09-07T01:55:28.643Z] [CLシート 日付データ] 日付データ: 2025/08/06
{
  "url": "https://docs.google.com/spreadsheets/d/1Gn8fAyojMWfSuOCynysPfRlvDZ_YtKk5nNRA80LQIWA/edit"
}
---
[2025-09-07T01:55:28.643Z] [CLシート 日付データ] 日付データ: 2025/08/07
{
  "url": "https://docs.google.com/spreadsheets/d/1_8HRJc70dHPM_J4ycmKyMEU1iMa3WIhNEXrRoCMIh5s/edit"
}
---
[2025-09-07T01:55:28.644Z] [CLシート 日付データ] 日付データ: 2025/08/08
{
  "url": "https://docs.google.com/spreadsheets/d/1M7YKRh4vPYaJGrDgvBN3gOrN__b7qfNVhpJ5Wbu9zac/edit"
}
---
[2025-09-07T01:55:28.644Z] [CLシート 日付データ] 日付データ: 2025/08/12
{
  "url": "https://docs.google.com/spreadsheets/d/1PqsN2UEjbp8c7ua70jFxKRsKQmQv0lcuBlAbIODB7nw/edit"
}
---
[2025-09-07T01:55:28.645Z] [CLシート 日付データ] 日付データ: 2025/08/13
{
  "url": "https://docs.google.com/spreadsheets/d/16qgIa8t4yLacG8SzTRvR4td32Ebc-BJ83ZxiJcXsRUg/edit"
}
---
[2025-09-07T01:55:28.645Z] [CLシート 日付データ] 日付データ: 2025/08/14
{
  "url": "https://docs.google.com/spreadsheets/d/1lBYJR4snyJW2p-M5p6azKBJ6NSxi1OQxDIggAVBExqY/edit"
}
---
[2025-09-07T01:55:28.646Z] [CLシート 日付データ] 日付データ: 2025/08/15
{
  "url": "https://docs.google.com/spreadsheets/d/1Lt6VLDqGYzpUJi4Hwl-uIojKhy8LmcpUACR9qFSHKMk/edit"
}
---
[2025-09-07T01:55:28.646Z] [CLシート 日付データ] 日付データ: 2025/08/18
{
  "url": "https://docs.google.com/spreadsheets/d/192GcRjjQ_dH766i7YbDDg8LkitjUeskuei_ycnLCCoU/edit"
}
---
[2025-09-07T01:55:28.647Z] [CLシート 日付データ] 日付データ: 2025/08/19
{
  "url": "https://docs.google.com/spreadsheets/d/1mANkPU6ZkSd0lKWkOat-olUoe_QtR-ftuSRjLnubEUE/edit"
}
---
[2025-09-07T01:55:28.647Z] [CLシート 日付データ] 日付データ: 2025/08/20
{
  "url": "https://docs.google.com/spreadsheets/d/14GUP3QOMXbSjuCqkUWI1s-dem5E9FW05klTJSt_42ig/edit"
}
---
[2025-09-07T01:55:28.647Z] [CLシート 日付データ] 日付データ: 2025/08/21
{
  "url": "https://docs.google.com/spreadsheets/d/1KNiXLzS0XRWWBVEzLHQAs6O7glYXsPlr_DROTQKQZA8/edit"
}
---
[2025-09-07T01:55:28.648Z] [CLシート 日付データ] 日付データ: 2025/08/22
{
  "url": "https://docs.google.com/spreadsheets/d/12jnbpiK7x9baMvVD_vItzMX8vh_UmhItFo6BxHpkJDA/edit"
}
---
[2025-09-07T01:55:28.648Z] [CLシート 日付データ] 日付データ: 2025/08/25
{
  "url": "https://docs.google.com/spreadsheets/d/1oqhJ1vjfTPE_SSPgLIJCRaMGBOWHIVQhWDsXXOBZsAg/edit"
}
---
[2025-09-07T01:55:28.649Z] [CLシート 日付データ] 日付データ: 2025/08/26
{
  "url": "https://docs.google.com/spreadsheets/d/13yqsfgXEmtvoxlrX-4RTo9kBzzi0aqaWS7hXuGptinY/edit"
}
---
[2025-09-07T01:55:28.649Z] [CLシート 日付データ] 日付データ: 2025/08/27
{
  "url": "https://docs.google.com/spreadsheets/d/1g1xfYRbJJoX1TZY73yWDQZyJBYPMKvQ4X1q_JkTEuSc/edit"
}
---
[2025-09-07T01:55:28.650Z] [CLシート 日付データ] 日付データ: 2025/08/28
{
  "url": "https://docs.google.com/spreadsheets/d/1KRpH7B9zQDShLlT0pV8h2YECMhyHwvWdx4AIa6gNC6Y/edit"
}
---
[2025-09-07T01:55:28.651Z] [CLシート 日付データ] 日付取得完了
{
  "validDatesCount": 46,
  "validDates": [
    {
      "date": "2025/08/28",
      "url": "https://docs.google.com/spreadsheets/d/1KRpH7B9zQDShLlT0pV8h2YECMhyHwvWdx4AIa6gNC6Y/edit"
    },
    {
      "date": "2025/08/27",
      "url": "https://docs.google.com/spreadsheets/d/1g1xfYRbJJoX1TZY73yWDQZyJBYPMKvQ4X1q_JkTEuSc/edit"
    },
    {
      "date": "2025/08/26",
      "url": "https://docs.google.com/spreadsheets/d/13yqsfgXEmtvoxlrX-4RTo9kBzzi0aqaWS7hXuGptinY/edit"
    },
    {
      "date": "2025/08/25",
      "url": "https://docs.google.com/spreadsheets/d/1oqhJ1vjfTPE_SSPgLIJCRaMGBOWHIVQhWDsXXOBZsAg/edit"
    },
    {
      "date": "2025/08/22",
      "url": "https://docs.google.com/spreadsheets/d/12jnbpiK7x9baMvVD_vItzMX8vh_UmhItFo6BxHpkJDA/edit"
    },
    {
      "date": "2025/08/21",
      "url": "https://docs.google.com/spreadsheets/d/1KNiXLzS0XRWWBVEzLHQAs6O7glYXsPlr_DROTQKQZA8/edit"
    },
    {
      "date": "2025/08/20",
      "url": "https://docs.google.com/spreadsheets/d/14GUP3QOMXbSjuCqkUWI1s-dem5E9FW05klTJSt_42ig/edit"
    },
    {
      "date": "2025/08/19",
      "url": "https://docs.google.com/spreadsheets/d/1mANkPU6ZkSd0lKWkOat-olUoe_QtR-ftuSRjLnubEUE/edit"
    },
    {
      "date": "2025/08/18",
      "url": "https://docs.google.com/spreadsheets/d/192GcRjjQ_dH766i7YbDDg8LkitjUeskuei_ycnLCCoU/edit"
    },
    {
      "date": "2025/08/15",
      "url": "https://docs.google.com/spreadsheets/d/1Lt6VLDqGYzpUJi4Hwl-uIojKhy8LmcpUACR9qFSHKMk/edit"
    },
    {
      "date": "2025/08/14",
      "url": "https://docs.google.com/spreadsheets/d/1lBYJR4snyJW2p-M5p6azKBJ6NSxi1OQxDIggAVBExqY/edit"
    },
    {
      "date": "2025/08/13",
      "url": "https://docs.google.com/spreadsheets/d/16qgIa8t4yLacG8SzTRvR4td32Ebc-BJ83ZxiJcXsRUg/edit"
    },
    {
      "date": "2025/08/12",
      "url": "https://docs.google.com/spreadsheets/d/1PqsN2UEjbp8c7ua70jFxKRsKQmQv0lcuBlAbIODB7nw/edit"
    },
    {
      "date": "2025/08/08",
      "url": "https://docs.google.com/spreadsheets/d/1M7YKRh4vPYaJGrDgvBN3gOrN__b7qfNVhpJ5Wbu9zac/edit"
    },
    {
      "date": "2025/08/07",
      "url": "https://docs.google.com/spreadsheets/d/1_8HRJc70dHPM_J4ycmKyMEU1iMa3WIhNEXrRoCMIh5s/edit"
    },
    {
      "date": "2025/08/06",
      "url": "https://docs.google.com/spreadsheets/d/1Gn8fAyojMWfSuOCynysPfRlvDZ_YtKk5nNRA80LQIWA/edit"
    },
    {
      "date": "2025/08/05",
      "url": "https://docs.google.com/spreadsheets/d/1PREj9RsN0u2P8S6yoWtul4p7ZvXuu3GeyD9uNW6Amfg/edit"
    },
    {
      "date": "2025/08/04",
      "url": "https://docs.google.com/spreadsheets/d/1wIXGCdbXlnXyv_zTneNGfEBFaBVExh1Dev5rgMAWc6g/edit"
    },
    {
      "date": "2025/08/01",
      "url": "https://docs.google.com/spreadsheets/d/1oedjRsTfz00QLdQT_KlGwFMt2m0KOj3Wz_tA2b8jiBk/edit"
    },
    {
      "date": "2025/07/31",
      "url": "https://docs.google.com/spreadsheets/d/1khZDo7-aNjYUg7fwSX6fYGnREaAl9Tf6zZiu9UWWRQA/edit"
    },
    {
      "date": "2025/07/30",
      "url": "https://docs.google.com/spreadsheets/d/1r8NMCR7YMWvXT8KN1dJAq1LscCX1WwfvIhb7HBrbVjM/edit"
    },
    {
      "date": "2025/07/29",
      "url": "https://docs.google.com/spreadsheets/d/1NzktEFzKh23bYW5nrfSxgK8fFf-iihm8Mg6-YM7TaSA/edit"
    },
    {
      "date": "2025/07/28",
      "url": "https://docs.google.com/spreadsheets/d/1Q4mq2y7tWWE0tH2DCOcY8L9lTup4nMVWRjFatvRHDcA/edit"
    },
    {
      "date": "2025/07/25",
      "url": "https://docs.google.com/spreadsheets/d/1mCTy6kRa6E7gYW9U9e2qUbaYmXQ6TGCKKxWL1yFDcVc/edit"
    },
    {
      "date": "2025/07/24",
      "url": "https://docs.google.com/spreadsheets/d/1LTl5hQ_CyudzaNUJaf1-VRwSoYn6RqNvqZTVN36CRZU/edit"
    },
    {
      "date": "2025/07/23",
      "url": "https://docs.google.com/spreadsheets/d/1WxioCqutMBrP1MKjk53_NRULsgtfq1E3A93NYGpdNrM/edit"
    },
    {
      "date": "2025/07/22",
      "url": "https://docs.google.com/spreadsheets/d/1RbP6xOTuhmTApNxlqt9KRhlCzuiNrH6F2u_ZeCVvXcY/edit"
    },
    {
      "date": "2025/07/18",
      "url": "https://docs.google.com/spreadsheets/d/1FpP81uZz-_UyvtlwMKwgXPdEk5c3sP5ZyBvZMpyJTKY/edit"
    },
    {
      "date": "2025/07/17",
      "url": "https://docs.google.com/spreadsheets/d/17oPE67VTKch5wrlc9XgmuI8A8BU4z-2DeXaE1EuWXmM/edit"
    },
    {
      "date": "2025/07/16",
      "url": "https://docs.google.com/spreadsheets/d/1Z0Qv2igcd1KBtYl_1QZ078FTTeo7bPZFn8CStjJfMzI/edit"
    },
    {
      "date": "2025/07/15",
      "url": "https://docs.google.com/spreadsheets/d/12N7UOgrlBBqNwPaf8kRNwpfEfKs8isjLghLZbyGIubU/edit"
    },
    {
      "date": "2025/07/14",
      "url": "https://docs.google.com/spreadsheets/d/1BqCEwMxUWWDAD7T_YncWUHWUvw1CGL1sxf6M5InxFEw/edit"
    },
    {
      "date": "2025/07/11",
      "url": "https://docs.google.com/spreadsheets/d/1axmHOS5BRlQGfUNIcT4k_WBKLotoCKKT5-guM4yR-dc/edit"
    },
    {
      "date": "2025/07/10",
      "url": "https://docs.google.com/spreadsheets/d/1A3KIKcuX0K5EC7PgIsLYnnzudphVWBYPddcZl1Y7FUY/edit"
    },
    {
      "date": "2025/07/09",
      "url": "https://docs.google.com/spreadsheets/d/1CTZzL8_9ESzVn8HeqnVuyNTvNvy9MalajU4MPPWPwUk/edit"
    },
    {
      "date": "2025/07/08",
      "url": "https://docs.google.com/spreadsheets/d/1sOncNFkyNS6v6b04eLqFhEnv7BoGir6IV0Ck0TlVKMk/edit"
    },
    {
      "date": "2025/07/07",
      "url": "https://docs.google.com/spreadsheets/d/1EMHd5UGUXb4uzktk_I72YwlvvXA3Gz2O_7-yUOKOGIk/edit"
    },
    {
      "date": "2025/07/04",
      "url": "https://docs.google.com/spreadsheets/d/12sLl00cuRBA7mv8fU4_J_YCPe9E_enyGm-ABycBymOQ/edit"
    },
    {
      "date": "2025/07/03",
      "url": "https://docs.google.com/spreadsheets/d/1iv1u9ZEqROmoNDYAIpduf8Rk-bDonP02f1uHLynWBVo/edit"
    },
    {
      "date": "2025/07/02",
      "url": "https://docs.google.com/spreadsheets/d/1fhXIrcQAHYtLriKxFrscLNj3BihPrYA8GUzkjQ1AxFU/edit"
    },
    {
      "date": "2025/07/01",
      "url": "https://docs.google.com/spreadsheets/d/1fBPKVfK5yNGZnyJ7TCj3ajYIewWKhP6IDgEHTUo047I/edit"
    },
    {
      "date": "2025/06/30",
      "url": "https://docs.google.com/spreadsheets/d/1EszA5Pcd3d_T2qsjPVPCdyaddtIP6qSwJ2UdkFz7EDk/edit"
    },
    {
      "date": "2025/06/27",
      "url": "https://docs.google.com/spreadsheets/d/1B0ZhDPy-vUXrLJf5Hz0ylauuyAqaVDy8DrWam9YnG3s/edit"
    },
    {
      "date": "2025/06/26",
      "url": "https://docs.google.com/spreadsheets/d/1bzOL1IsFyDgnJI-JeuWnZRVLxT_dCojWpriT47K2pkM/edit"
    },
    {
      "date": "2025/06/25",
      "url": "https://docs.google.com/spreadsheets/d/1hItvp-LaDvUHxLvnviRuQS0-g_VecODPVD2-RhL01v0/edit"
    },
    {
      "date": "2025/06/24",
      "url": "https://docs.google.com/spreadsheets/d/1Y8OYOSDUU8qhHDZjnnCSqKGl_RSVVI4kwpITcUffSBo/edit"
    }
  ]
}
---
[2025-09-07T02:00:19.635Z] [CLシート 日付データ] 日付取得開始
{
  "sheetId": "1pJQqCWrIBTp5JFxByoOOQt82qqQZ5AXz8cQgy1LHzZY",
  "url": "https://docs.google.com/spreadsheets/d/1pJQqCWrIBTp5JFxByoOOQt82qqQZ5AXz8cQgy1LHzZY/edit?pli=1&gid=0#gid=0"
}
---
[2025-09-07T02:00:20.856Z] [CLシート 日付データ] 日付データ: 2025/06/24
{
  "url": "https://docs.google.com/spreadsheets/d/1Y8OYOSDUU8qhHDZjnnCSqKGl_RSVVI4kwpITcUffSBo/edit"
}
---
[2025-09-07T02:00:20.856Z] [CLシート 日付データ] 日付データ: 2025/06/25
{
  "url": "https://docs.google.com/spreadsheets/d/1hItvp-LaDvUHxLvnviRuQS0-g_VecODPVD2-RhL01v0/edit"
}
---
[2025-09-07T02:00:20.857Z] [CLシート 日付データ] 日付データ: 2025/06/26
{
  "url": "https://docs.google.com/spreadsheets/d/1bzOL1IsFyDgnJI-JeuWnZRVLxT_dCojWpriT47K2pkM/edit"
}
---
[2025-09-07T02:00:20.857Z] [CLシート 日付データ] 日付データ: 2025/06/27
{
  "url": "https://docs.google.com/spreadsheets/d/1B0ZhDPy-vUXrLJf5Hz0ylauuyAqaVDy8DrWam9YnG3s/edit"
}
---
[2025-09-07T02:00:20.857Z] [CLシート 日付データ] 日付データ: 2025/06/30
{
  "url": "https://docs.google.com/spreadsheets/d/1EszA5Pcd3d_T2qsjPVPCdyaddtIP6qSwJ2UdkFz7EDk/edit"
}
---
[2025-09-07T02:00:20.858Z] [CLシート 日付データ] 日付データ: 2025/07/01
{
  "url": "https://docs.google.com/spreadsheets/d/1fBPKVfK5yNGZnyJ7TCj3ajYIewWKhP6IDgEHTUo047I/edit"
}
---
[2025-09-07T02:00:20.858Z] [CLシート 日付データ] 日付データ: 2025/07/02
{
  "url": "https://docs.google.com/spreadsheets/d/1fhXIrcQAHYtLriKxFrscLNj3BihPrYA8GUzkjQ1AxFU/edit"
}
---
[2025-09-07T02:00:20.858Z] [CLシート 日付データ] 日付データ: 2025/07/03
{
  "url": "https://docs.google.com/spreadsheets/d/1iv1u9ZEqROmoNDYAIpduf8Rk-bDonP02f1uHLynWBVo/edit"
}
---
[2025-09-07T02:00:20.858Z] [CLシート 日付データ] 日付データ: 2025/07/04
{
  "url": "https://docs.google.com/spreadsheets/d/12sLl00cuRBA7mv8fU4_J_YCPe9E_enyGm-ABycBymOQ/edit"
}
---
[2025-09-07T02:00:20.859Z] [CLシート 日付データ] 日付データ: 2025/07/07
{
  "url": "https://docs.google.com/spreadsheets/d/1EMHd5UGUXb4uzktk_I72YwlvvXA3Gz2O_7-yUOKOGIk/edit"
}
---
[2025-09-07T02:00:20.859Z] [CLシート 日付データ] 日付データ: 2025/07/08
{
  "url": "https://docs.google.com/spreadsheets/d/1sOncNFkyNS6v6b04eLqFhEnv7BoGir6IV0Ck0TlVKMk/edit"
}
---
[2025-09-07T02:00:20.860Z] [CLシート 日付データ] 日付データ: 2025/07/09
{
  "url": "https://docs.google.com/spreadsheets/d/1CTZzL8_9ESzVn8HeqnVuyNTvNvy9MalajU4MPPWPwUk/edit"
}
---
[2025-09-07T02:00:20.860Z] [CLシート 日付データ] 日付データ: 2025/07/10
{
  "url": "https://docs.google.com/spreadsheets/d/1A3KIKcuX0K5EC7PgIsLYnnzudphVWBYPddcZl1Y7FUY/edit"
}
---
[2025-09-07T02:00:20.860Z] [CLシート 日付データ] 日付データ: 2025/07/11
{
  "url": "https://docs.google.com/spreadsheets/d/1axmHOS5BRlQGfUNIcT4k_WBKLotoCKKT5-guM4yR-dc/edit"
}
---
[2025-09-07T02:00:20.860Z] [CLシート 日付データ] 日付データ: 2025/07/14
{
  "url": "https://docs.google.com/spreadsheets/d/1BqCEwMxUWWDAD7T_YncWUHWUvw1CGL1sxf6M5InxFEw/edit"
}
---
[2025-09-07T02:00:20.861Z] [CLシート 日付データ] 日付データ: 2025/07/15
{
  "url": "https://docs.google.com/spreadsheets/d/12N7UOgrlBBqNwPaf8kRNwpfEfKs8isjLghLZbyGIubU/edit"
}
---
[2025-09-07T02:00:20.861Z] [CLシート 日付データ] 日付データ: 2025/07/16
{
  "url": "https://docs.google.com/spreadsheets/d/1Z0Qv2igcd1KBtYl_1QZ078FTTeo7bPZFn8CStjJfMzI/edit"
}
---
[2025-09-07T02:00:20.861Z] [CLシート 日付データ] 日付データ: 2025/07/17
{
  "url": "https://docs.google.com/spreadsheets/d/17oPE67VTKch5wrlc9XgmuI8A8BU4z-2DeXaE1EuWXmM/edit"
}
---
[2025-09-07T02:00:20.861Z] [CLシート 日付データ] 日付データ: 2025/07/18
{
  "url": "https://docs.google.com/spreadsheets/d/1FpP81uZz-_UyvtlwMKwgXPdEk5c3sP5ZyBvZMpyJTKY/edit"
}
---
[2025-09-07T02:00:20.861Z] [CLシート 日付データ] 日付データ: 2025/07/22
{
  "url": "https://docs.google.com/spreadsheets/d/1RbP6xOTuhmTApNxlqt9KRhlCzuiNrH6F2u_ZeCVvXcY/edit"
}
---
[2025-09-07T02:00:20.861Z] [CLシート 日付データ] 日付データ: 2025/07/23
{
  "url": "https://docs.google.com/spreadsheets/d/1WxioCqutMBrP1MKjk53_NRULsgtfq1E3A93NYGpdNrM/edit"
}
---
[2025-09-07T02:00:20.861Z] [CLシート 日付データ] 日付データ: 2025/07/24
{
  "url": "https://docs.google.com/spreadsheets/d/1LTl5hQ_CyudzaNUJaf1-VRwSoYn6RqNvqZTVN36CRZU/edit"
}
---
[2025-09-07T02:00:20.862Z] [CLシート 日付データ] 日付データ: 2025/07/25
{
  "url": "https://docs.google.com/spreadsheets/d/1mCTy6kRa6E7gYW9U9e2qUbaYmXQ6TGCKKxWL1yFDcVc/edit"
}
---
[2025-09-07T02:00:20.862Z] [CLシート 日付データ] 日付データ: 2025/07/28
{
  "url": "https://docs.google.com/spreadsheets/d/1Q4mq2y7tWWE0tH2DCOcY8L9lTup4nMVWRjFatvRHDcA/edit"
}
---
[2025-09-07T02:00:20.862Z] [CLシート 日付データ] 日付データ: 2025/07/29
{
  "url": "https://docs.google.com/spreadsheets/d/1NzktEFzKh23bYW5nrfSxgK8fFf-iihm8Mg6-YM7TaSA/edit"
}
---
[2025-09-07T02:00:20.863Z] [CLシート 日付データ] 日付データ: 2025/07/30
{
  "url": "https://docs.google.com/spreadsheets/d/1r8NMCR7YMWvXT8KN1dJAq1LscCX1WwfvIhb7HBrbVjM/edit"
}
---
[2025-09-07T02:00:20.863Z] [CLシート 日付データ] 日付データ: 2025/07/31
{
  "url": "https://docs.google.com/spreadsheets/d/1khZDo7-aNjYUg7fwSX6fYGnREaAl9Tf6zZiu9UWWRQA/edit"
}
---
[2025-09-07T02:00:20.863Z] [CLシート 日付データ] 日付データ: 2025/08/01
{
  "url": "https://docs.google.com/spreadsheets/d/1oedjRsTfz00QLdQT_KlGwFMt2m0KOj3Wz_tA2b8jiBk/edit"
}
---
[2025-09-07T02:00:20.864Z] [CLシート 日付データ] 日付データ: 2025/08/04
{
  "url": "https://docs.google.com/spreadsheets/d/1wIXGCdbXlnXyv_zTneNGfEBFaBVExh1Dev5rgMAWc6g/edit"
}
---
[2025-09-07T02:00:20.864Z] [CLシート 日付データ] 日付データ: 2025/08/05
{
  "url": "https://docs.google.com/spreadsheets/d/1PREj9RsN0u2P8S6yoWtul4p7ZvXuu3GeyD9uNW6Amfg/edit"
}
---
[2025-09-07T02:00:20.865Z] [CLシート 日付データ] 日付データ: 2025/08/06
{
  "url": "https://docs.google.com/spreadsheets/d/1Gn8fAyojMWfSuOCynysPfRlvDZ_YtKk5nNRA80LQIWA/edit"
}
---
[2025-09-07T02:00:20.865Z] [CLシート 日付データ] 日付データ: 2025/08/07
{
  "url": "https://docs.google.com/spreadsheets/d/1_8HRJc70dHPM_J4ycmKyMEU1iMa3WIhNEXrRoCMIh5s/edit"
}
---
[2025-09-07T02:00:20.865Z] [CLシート 日付データ] 日付データ: 2025/08/08
{
  "url": "https://docs.google.com/spreadsheets/d/1M7YKRh4vPYaJGrDgvBN3gOrN__b7qfNVhpJ5Wbu9zac/edit"
}
---
[2025-09-07T02:00:20.865Z] [CLシート 日付データ] 日付データ: 2025/08/12
{
  "url": "https://docs.google.com/spreadsheets/d/1PqsN2UEjbp8c7ua70jFxKRsKQmQv0lcuBlAbIODB7nw/edit"
}
---
[2025-09-07T02:00:20.866Z] [CLシート 日付データ] 日付データ: 2025/08/13
{
  "url": "https://docs.google.com/spreadsheets/d/16qgIa8t4yLacG8SzTRvR4td32Ebc-BJ83ZxiJcXsRUg/edit"
}
---
[2025-09-07T02:00:20.866Z] [CLシート 日付データ] 日付データ: 2025/08/14
{
  "url": "https://docs.google.com/spreadsheets/d/1lBYJR4snyJW2p-M5p6azKBJ6NSxi1OQxDIggAVBExqY/edit"
}
---
[2025-09-07T02:00:20.866Z] [CLシート 日付データ] 日付データ: 2025/08/15
{
  "url": "https://docs.google.com/spreadsheets/d/1Lt6VLDqGYzpUJi4Hwl-uIojKhy8LmcpUACR9qFSHKMk/edit"
}
---
[2025-09-07T02:00:20.866Z] [CLシート 日付データ] 日付データ: 2025/08/18
{
  "url": "https://docs.google.com/spreadsheets/d/192GcRjjQ_dH766i7YbDDg8LkitjUeskuei_ycnLCCoU/edit"
}
---
[2025-09-07T02:00:20.866Z] [CLシート 日付データ] 日付データ: 2025/08/19
{
  "url": "https://docs.google.com/spreadsheets/d/1mANkPU6ZkSd0lKWkOat-olUoe_QtR-ftuSRjLnubEUE/edit"
}
---
[2025-09-07T02:00:20.866Z] [CLシート 日付データ] 日付データ: 2025/08/20
{
  "url": "https://docs.google.com/spreadsheets/d/14GUP3QOMXbSjuCqkUWI1s-dem5E9FW05klTJSt_42ig/edit"
}
---
[2025-09-07T02:00:20.867Z] [CLシート 日付データ] 日付データ: 2025/08/21
{
  "url": "https://docs.google.com/spreadsheets/d/1KNiXLzS0XRWWBVEzLHQAs6O7glYXsPlr_DROTQKQZA8/edit"
}
---
[2025-09-07T02:00:20.867Z] [CLシート 日付データ] 日付データ: 2025/08/22
{
  "url": "https://docs.google.com/spreadsheets/d/12jnbpiK7x9baMvVD_vItzMX8vh_UmhItFo6BxHpkJDA/edit"
}
---
[2025-09-07T02:00:20.867Z] [CLシート 日付データ] 日付データ: 2025/08/25
{
  "url": "https://docs.google.com/spreadsheets/d/1oqhJ1vjfTPE_SSPgLIJCRaMGBOWHIVQhWDsXXOBZsAg/edit"
}
---
[2025-09-07T02:00:20.867Z] [CLシート 日付データ] 日付データ: 2025/08/26
{
  "url": "https://docs.google.com/spreadsheets/d/13yqsfgXEmtvoxlrX-4RTo9kBzzi0aqaWS7hXuGptinY/edit"
}
---
[2025-09-07T02:00:20.867Z] [CLシート 日付データ] 日付データ: 2025/08/27
{
  "url": "https://docs.google.com/spreadsheets/d/1g1xfYRbJJoX1TZY73yWDQZyJBYPMKvQ4X1q_JkTEuSc/edit"
}
---
[2025-09-07T02:00:20.867Z] [CLシート 日付データ] 日付データ: 2025/08/28
{
  "url": "https://docs.google.com/spreadsheets/d/1KRpH7B9zQDShLlT0pV8h2YECMhyHwvWdx4AIa6gNC6Y/edit"
}
---
[2025-09-07T02:00:20.868Z] [CLシート 日付データ] 日付取得完了
{
  "validDatesCount": 46,
  "validDates": [
    {
      "date": "2025/08/28",
      "url": "https://docs.google.com/spreadsheets/d/1KRpH7B9zQDShLlT0pV8h2YECMhyHwvWdx4AIa6gNC6Y/edit"
    },
    {
      "date": "2025/08/27",
      "url": "https://docs.google.com/spreadsheets/d/1g1xfYRbJJoX1TZY73yWDQZyJBYPMKvQ4X1q_JkTEuSc/edit"
    },
    {
      "date": "2025/08/26",
      "url": "https://docs.google.com/spreadsheets/d/13yqsfgXEmtvoxlrX-4RTo9kBzzi0aqaWS7hXuGptinY/edit"
    },
    {
      "date": "2025/08/25",
      "url": "https://docs.google.com/spreadsheets/d/1oqhJ1vjfTPE_SSPgLIJCRaMGBOWHIVQhWDsXXOBZsAg/edit"
    },
    {
      "date": "2025/08/22",
      "url": "https://docs.google.com/spreadsheets/d/12jnbpiK7x9baMvVD_vItzMX8vh_UmhItFo6BxHpkJDA/edit"
    },
    {
      "date": "2025/08/21",
      "url": "https://docs.google.com/spreadsheets/d/1KNiXLzS0XRWWBVEzLHQAs6O7glYXsPlr_DROTQKQZA8/edit"
    },
    {
      "date": "2025/08/20",
      "url": "https://docs.google.com/spreadsheets/d/14GUP3QOMXbSjuCqkUWI1s-dem5E9FW05klTJSt_42ig/edit"
    },
    {
      "date": "2025/08/19",
      "url": "https://docs.google.com/spreadsheets/d/1mANkPU6ZkSd0lKWkOat-olUoe_QtR-ftuSRjLnubEUE/edit"
    },
    {
      "date": "2025/08/18",
      "url": "https://docs.google.com/spreadsheets/d/192GcRjjQ_dH766i7YbDDg8LkitjUeskuei_ycnLCCoU/edit"
    },
    {
      "date": "2025/08/15",
      "url": "https://docs.google.com/spreadsheets/d/1Lt6VLDqGYzpUJi4Hwl-uIojKhy8LmcpUACR9qFSHKMk/edit"
    },
    {
      "date": "2025/08/14",
      "url": "https://docs.google.com/spreadsheets/d/1lBYJR4snyJW2p-M5p6azKBJ6NSxi1OQxDIggAVBExqY/edit"
    },
    {
      "date": "2025/08/13",
      "url": "https://docs.google.com/spreadsheets/d/16qgIa8t4yLacG8SzTRvR4td32Ebc-BJ83ZxiJcXsRUg/edit"
    },
    {
      "date": "2025/08/12",
      "url": "https://docs.google.com/spreadsheets/d/1PqsN2UEjbp8c7ua70jFxKRsKQmQv0lcuBlAbIODB7nw/edit"
    },
    {
      "date": "2025/08/08",
      "url": "https://docs.google.com/spreadsheets/d/1M7YKRh4vPYaJGrDgvBN3gOrN__b7qfNVhpJ5Wbu9zac/edit"
    },
    {
      "date": "2025/08/07",
      "url": "https://docs.google.com/spreadsheets/d/1_8HRJc70dHPM_J4ycmKyMEU1iMa3WIhNEXrRoCMIh5s/edit"
    },
    {
      "date": "2025/08/06",
      "url": "https://docs.google.com/spreadsheets/d/1Gn8fAyojMWfSuOCynysPfRlvDZ_YtKk5nNRA80LQIWA/edit"
    },
    {
      "date": "2025/08/05",
      "url": "https://docs.google.com/spreadsheets/d/1PREj9RsN0u2P8S6yoWtul4p7ZvXuu3GeyD9uNW6Amfg/edit"
    },
    {
      "date": "2025/08/04",
      "url": "https://docs.google.com/spreadsheets/d/1wIXGCdbXlnXyv_zTneNGfEBFaBVExh1Dev5rgMAWc6g/edit"
    },
    {
      "date": "2025/08/01",
      "url": "https://docs.google.com/spreadsheets/d/1oedjRsTfz00QLdQT_KlGwFMt2m0KOj3Wz_tA2b8jiBk/edit"
    },
    {
      "date": "2025/07/31",
      "url": "https://docs.google.com/spreadsheets/d/1khZDo7-aNjYUg7fwSX6fYGnREaAl9Tf6zZiu9UWWRQA/edit"
    },
    {
      "date": "2025/07/30",
      "url": "https://docs.google.com/spreadsheets/d/1r8NMCR7YMWvXT8KN1dJAq1LscCX1WwfvIhb7HBrbVjM/edit"
    },
    {
      "date": "2025/07/29",
      "url": "https://docs.google.com/spreadsheets/d/1NzktEFzKh23bYW5nrfSxgK8fFf-iihm8Mg6-YM7TaSA/edit"
    },
    {
      "date": "2025/07/28",
      "url": "https://docs.google.com/spreadsheets/d/1Q4mq2y7tWWE0tH2DCOcY8L9lTup4nMVWRjFatvRHDcA/edit"
    },
    {
      "date": "2025/07/25",
      "url": "https://docs.google.com/spreadsheets/d/1mCTy6kRa6E7gYW9U9e2qUbaYmXQ6TGCKKxWL1yFDcVc/edit"
    },
    {
      "date": "2025/07/24",
      "url": "https://docs.google.com/spreadsheets/d/1LTl5hQ_CyudzaNUJaf1-VRwSoYn6RqNvqZTVN36CRZU/edit"
    },
    {
      "date": "2025/07/23",
      "url": "https://docs.google.com/spreadsheets/d/1WxioCqutMBrP1MKjk53_NRULsgtfq1E3A93NYGpdNrM/edit"
    },
    {
      "date": "2025/07/22",
      "url": "https://docs.google.com/spreadsheets/d/1RbP6xOTuhmTApNxlqt9KRhlCzuiNrH6F2u_ZeCVvXcY/edit"
    },
    {
      "date": "2025/07/18",
      "url": "https://docs.google.com/spreadsheets/d/1FpP81uZz-_UyvtlwMKwgXPdEk5c3sP5ZyBvZMpyJTKY/edit"
    },
    {
      "date": "2025/07/17",
      "url": "https://docs.google.com/spreadsheets/d/17oPE67VTKch5wrlc9XgmuI8A8BU4z-2DeXaE1EuWXmM/edit"
    },
    {
      "date": "2025/07/16",
      "url": "https://docs.google.com/spreadsheets/d/1Z0Qv2igcd1KBtYl_1QZ078FTTeo7bPZFn8CStjJfMzI/edit"
    },
    {
      "date": "2025/07/15",
      "url": "https://docs.google.com/spreadsheets/d/12N7UOgrlBBqNwPaf8kRNwpfEfKs8isjLghLZbyGIubU/edit"
    },
    {
      "date": "2025/07/14",
      "url": "https://docs.google.com/spreadsheets/d/1BqCEwMxUWWDAD7T_YncWUHWUvw1CGL1sxf6M5InxFEw/edit"
    },
    {
      "date": "2025/07/11",
      "url": "https://docs.google.com/spreadsheets/d/1axmHOS5BRlQGfUNIcT4k_WBKLotoCKKT5-guM4yR-dc/edit"
    },
    {
      "date": "2025/07/10",
      "url": "https://docs.google.com/spreadsheets/d/1A3KIKcuX0K5EC7PgIsLYnnzudphVWBYPddcZl1Y7FUY/edit"
    },
    {
      "date": "2025/07/09",
      "url": "https://docs.google.com/spreadsheets/d/1CTZzL8_9ESzVn8HeqnVuyNTvNvy9MalajU4MPPWPwUk/edit"
    },
    {
      "date": "2025/07/08",
      "url": "https://docs.google.com/spreadsheets/d/1sOncNFkyNS6v6b04eLqFhEnv7BoGir6IV0Ck0TlVKMk/edit"
    },
    {
      "date": "2025/07/07",
      "url": "https://docs.google.com/spreadsheets/d/1EMHd5UGUXb4uzktk_I72YwlvvXA3Gz2O_7-yUOKOGIk/edit"
    },
    {
      "date": "2025/07/04",
      "url": "https://docs.google.com/spreadsheets/d/12sLl00cuRBA7mv8fU4_J_YCPe9E_enyGm-ABycBymOQ/edit"
    },
    {
      "date": "2025/07/03",
      "url": "https://docs.google.com/spreadsheets/d/1iv1u9ZEqROmoNDYAIpduf8Rk-bDonP02f1uHLynWBVo/edit"
    },
    {
      "date": "2025/07/02",
      "url": "https://docs.google.com/spreadsheets/d/1fhXIrcQAHYtLriKxFrscLNj3BihPrYA8GUzkjQ1AxFU/edit"
    },
    {
      "date": "2025/07/01",
      "url": "https://docs.google.com/spreadsheets/d/1fBPKVfK5yNGZnyJ7TCj3ajYIewWKhP6IDgEHTUo047I/edit"
    },
    {
      "date": "2025/06/30",
      "url": "https://docs.google.com/spreadsheets/d/1EszA5Pcd3d_T2qsjPVPCdyaddtIP6qSwJ2UdkFz7EDk/edit"
    },
    {
      "date": "2025/06/27",
      "url": "https://docs.google.com/spreadsheets/d/1B0ZhDPy-vUXrLJf5Hz0ylauuyAqaVDy8DrWam9YnG3s/edit"
    },
    {
      "date": "2025/06/26",
      "url": "https://docs.google.com/spreadsheets/d/1bzOL1IsFyDgnJI-JeuWnZRVLxT_dCojWpriT47K2pkM/edit"
    },
    {
      "date": "2025/06/25",
      "url": "https://docs.google.com/spreadsheets/d/1hItvp-LaDvUHxLvnviRuQS0-g_VecODPVD2-RhL01v0/edit"
    },
    {
      "date": "2025/06/24",
      "url": "https://docs.google.com/spreadsheets/d/1Y8OYOSDUU8qhHDZjnnCSqKGl_RSVVI4kwpITcUffSBo/edit"
    }
  ]
}
---
