[2025-09-06T00:54:52.574Z] [エラー CUシート企業データ取得] Unable to parse range: CU!A:B
---
[2025-09-06T01:01:12.129Z] [エラー CUシート企業データ取得] Unable to parse range: 'CU'!A:B
---
[2025-09-06T01:11:08.277Z] [エラー CUシート日付取得] Unable to parse range: 'CU'!A:B
---
[2025-09-06T01:34:24.437Z] [エラー CUシート企業データ取得] Unable to parse range: 'CU'!A:B
---
[2025-09-06T01:37:13.170Z] [エラー CUシート企業データ取得] Unable to parse range: CU!A:B
---
[2025-09-06T01:49:20.506Z] [エラー CUシート企業データ取得] Unable to parse range: CU!A:B
---
[2025-09-06T02:17:45.163Z] [エラー CUシート日付取得] Unable to parse range: CU!A:C
---
[2025-09-06T02:23:15.122Z] [エラー CUシート日付取得] Unable to parse range: CU!A:C
---
[2025-09-06T02:23:30.192Z] [エラー CUシート日付取得] Unable to parse range: CU!A:C
---
[2025-09-06T02:24:44.503Z] [エラー CUシート日付取得] Unable to parse range: CU!A:C
---
